RUN	simulations.RampUsersLoadSimulation	rampusersloadsimulation	1577967655901	 	3.0.2
USER	Basic Load Simulation 	1	START	1577967661710	1577967661710
REQUEST	1		get all video games	1577967661739	1577967661748	OK	 
USER	Basic Load Simulation 	2	START	1577967662710	1577967662710
REQUEST	2		get all video games	1577967662711	1577967662717	OK	 
USER	Basic Load Simulation 	3	START	1577967662960	1577967662960
REQUEST	3		get all video games	1577967662961	1577967662967	OK	 
USER	Basic Load Simulation 	4	START	1577967663210	1577967663210
REQUEST	4		get all video games	1577967663211	1577967663217	OK	 
USER	Basic Load Simulation 	5	START	1577967663459	1577967663459
REQUEST	5		get all video games	1577967663460	1577967663466	OK	 
USER	Basic Load Simulation 	6	START	1577967663710	1577967663710
REQUEST	6		get all video games	1577967663711	1577967663716	OK	 
USER	Basic Load Simulation 	7	START	1577967663879	1577967663879
REQUEST	7		get all video games	1577967663880	1577967663886	OK	 
USER	Basic Load Simulation 	8	START	1577967664040	1577967664040
REQUEST	8		get all video games	1577967664041	1577967664047	OK	 
USER	Basic Load Simulation 	9	START	1577967664211	1577967664211
REQUEST	9		get all video games	1577967664212	1577967664217	OK	 
USER	Basic Load Simulation 	10	START	1577967664381	1577967664381
REQUEST	10		get all video games	1577967664382	1577967664388	OK	 
USER	Basic Load Simulation 	11	START	1577967664541	1577967664541
REQUEST	11		get all video games	1577967664542	1577967664548	OK	 
USER	Basic Load Simulation 	12	START	1577967664711	1577967664711
REQUEST	12		get all video games	1577967664712	1577967664717	OK	 
USER	Basic Load Simulation 	13	START	1577967664851	1577967664851
REQUEST	13		get all video games	1577967664852	1577967664857	OK	 
USER	Basic Load Simulation 	14	START	1577967664998	1577967664998
REQUEST	14		get all video games	1577967665000	1577967665005	OK	 
USER	Basic Load Simulation 	15	START	1577967665139	1577967665139
REQUEST	15		get all video games	1577967665140	1577967665145	OK	 
USER	Basic Load Simulation 	16	START	1577967665280	1577967665280
REQUEST	16		get all video games	1577967665281	1577967665285	OK	 
USER	Basic Load Simulation 	17	START	1577967665429	1577967665429
REQUEST	17		get all video games	1577967665430	1577967665434	OK	 
USER	Basic Load Simulation 	18	START	1577967665569	1577967665569
REQUEST	18		get all video games	1577967665570	1577967665574	OK	 
USER	Basic Load Simulation 	19	START	1577967665711	1577967665711
REQUEST	19		get all video games	1577967665712	1577967665716	OK	 
USER	Basic Load Simulation 	20	START	1577967665820	1577967665820
REQUEST	20		get all video games	1577967665821	1577967665825	OK	 
USER	Basic Load Simulation 	21	START	1577967665929	1577967665929
REQUEST	21		get all video games	1577967665930	1577967665934	OK	 
USER	Basic Load Simulation 	22	START	1577967666040	1577967666040
REQUEST	22		get all video games	1577967666041	1577967666046	OK	 
USER	Basic Load Simulation 	23	START	1577967666159	1577967666159
REQUEST	23		get all video games	1577967666159	1577967666167	OK	 
USER	Basic Load Simulation 	24	START	1577967666270	1577967666270
REQUEST	24		get all video games	1577967666271	1577967666279	OK	 
USER	Basic Load Simulation 	25	START	1577967666380	1577967666380
REQUEST	25		get all video games	1577967666381	1577967666385	OK	 
USER	Basic Load Simulation 	26	START	1577967666490	1577967666490
REQUEST	26		get all video games	1577967666490	1577967666494	OK	 
USER	Basic Load Simulation 	27	START	1577967666601	1577967666601
REQUEST	27		get all video games	1577967666601	1577967666606	OK	 
REQUEST	1		get specific video game	1577967666769	1577967666773	OK	 
REQUEST	2		get specific video game	1577967667732	1577967667736	OK	 
REQUEST	3		get specific video game	1577967667981	1577967667989	OK	 
REQUEST	4		get specific video game	1577967668231	1577967668234	OK	 
REQUEST	5		get specific video game	1577967668481	1577967668489	OK	 
REQUEST	6		get specific video game	1577967668731	1577967668736	OK	 
REQUEST	7		get specific video game	1577967668900	1577967668904	OK	 
REQUEST	8		get specific video game	1577967669062	1577967669065	OK	 
REQUEST	9		get specific video game	1577967669231	1577967669234	OK	 
REQUEST	10		get specific video game	1577967669411	1577967669415	OK	 
REQUEST	11		get specific video game	1577967669570	1577967669574	OK	 
REQUEST	12		get specific video game	1577967669730	1577967669734	OK	 
REQUEST	13		get specific video game	1577967669871	1577967669875	OK	 
REQUEST	14		get specific video game	1577967670021	1577967670024	OK	 
REQUEST	15		get specific video game	1577967670159	1577967670163	OK	 
REQUEST	16		get specific video game	1577967670299	1577967670302	OK	 
REQUEST	17		get specific video game	1577967670450	1577967670454	OK	 
REQUEST	18		get specific video game	1577967670588	1577967670592	OK	 
REQUEST	19		get specific video game	1577967670730	1577967670734	OK	 
REQUEST	20		get specific video game	1577967670839	1577967670842	OK	 
REQUEST	21		get specific video game	1577967670949	1577967670952	OK	 
REQUEST	22		get specific video game	1577967671060	1577967671063	OK	 
REQUEST	23		get specific video game	1577967671182	1577967671189	OK	 
REQUEST	24		get specific video game	1577967671300	1577967671306	OK	 
REQUEST	25		get specific video game	1577967671401	1577967671406	OK	 
REQUEST	26		get specific video game	1577967671511	1577967671517	OK	 
REQUEST	27		get specific video game	1577967671619	1577967671622	OK	 
REQUEST	1		get all video games	1577967671770	1577967671774	OK	 
USER	Basic Load Simulation 	1	END	1577967661710	1577967671778
REQUEST	2		get all video games	1577967672739	1577967672743	OK	 
USER	Basic Load Simulation 	2	END	1577967662710	1577967672743
REQUEST	3		get all video games	1577967673001	1577967673005	OK	 
USER	Basic Load Simulation 	3	END	1577967662960	1577967673006
REQUEST	4		get all video games	1577967673240	1577967673243	OK	 
USER	Basic Load Simulation 	4	END	1577967663210	1577967673244
REQUEST	5		get all video games	1577967673501	1577967673506	OK	 
USER	Basic Load Simulation 	5	END	1577967663459	1577967673506
REQUEST	6		get all video games	1577967673741	1577967673744	OK	 
USER	Basic Load Simulation 	6	END	1577967663710	1577967673745
REQUEST	7		get all video games	1577967673911	1577967673914	OK	 
USER	Basic Load Simulation 	7	END	1577967663879	1577967673914
REQUEST	8		get all video games	1577967674071	1577967674075	OK	 
USER	Basic Load Simulation 	8	END	1577967664040	1577967674076
REQUEST	9		get all video games	1577967674240	1577967674244	OK	 
USER	Basic Load Simulation 	9	END	1577967664211	1577967674245
REQUEST	10		get all video games	1577967674409	1577967674412	OK	 
USER	Basic Load Simulation 	10	END	1577967664381	1577967674413
REQUEST	11		get all video games	1577967674572	1577967674575	OK	 
USER	Basic Load Simulation 	11	END	1577967664541	1577967674576
REQUEST	12		get all video games	1577967674741	1577967674744	OK	 
USER	Basic Load Simulation 	12	END	1577967664711	1577967674744
REQUEST	13		get all video games	1577967674879	1577967674882	OK	 
USER	Basic Load Simulation 	13	END	1577967664851	1577967674883
REQUEST	14		get all video games	1577967675030	1577967675036	OK	 
USER	Basic Load Simulation 	14	END	1577967664998	1577967675037
REQUEST	15		get all video games	1577967675169	1577967675172	OK	 
USER	Basic Load Simulation 	15	END	1577967665139	1577967675173
REQUEST	16		get all video games	1577967675312	1577967675315	OK	 
USER	Basic Load Simulation 	16	END	1577967665280	1577967675316
REQUEST	17		get all video games	1577967675459	1577967675462	OK	 
USER	Basic Load Simulation 	17	END	1577967665429	1577967675462
REQUEST	18		get all video games	1577967675601	1577967675604	OK	 
USER	Basic Load Simulation 	18	END	1577967665569	1577967675605
REQUEST	19		get all video games	1577967675741	1577967675744	OK	 
USER	Basic Load Simulation 	19	END	1577967665711	1577967675745
REQUEST	20		get all video games	1577967675851	1577967675854	OK	 
USER	Basic Load Simulation 	20	END	1577967665820	1577967675855
REQUEST	21		get all video games	1577967675960	1577967675963	OK	 
USER	Basic Load Simulation 	21	END	1577967665929	1577967675964
REQUEST	22		get all video games	1577967676070	1577967676074	OK	 
USER	Basic Load Simulation 	22	END	1577967666040	1577967676075
REQUEST	23		get all video games	1577967676201	1577967676206	OK	 
USER	Basic Load Simulation 	23	END	1577967666159	1577967676207
REQUEST	24		get all video games	1577967676301	1577967676304	OK	 
USER	Basic Load Simulation 	24	END	1577967666270	1577967676305
REQUEST	25		get all video games	1577967676412	1577967676415	OK	 
USER	Basic Load Simulation 	25	END	1577967666380	1577967676415
REQUEST	26		get all video games	1577967676521	1577967676524	OK	 
USER	Basic Load Simulation 	26	END	1577967666490	1577967676524
REQUEST	27		get all video games	1577967676631	1577967676634	OK	 
USER	Basic Load Simulation 	27	END	1577967666601	1577967676634
