RUN	simulations.FixedDurationLoadSimulation	fixeddurationloadsimulation	1577969192520	 	3.0.2
USER	Fixed Duration Load Simulation 	10	START	1577969198333	1577969198333
USER	Fixed Duration Load Simulation 	6	START	1577969198332	1577969198332
USER	Fixed Duration Load Simulation 	7	START	1577969198333	1577969198333
USER	Fixed Duration Load Simulation 	11	START	1577969198333	1577969198333
USER	Fixed Duration Load Simulation 	9	START	1577969198333	1577969198333
USER	Fixed Duration Load Simulation 	4	START	1577969198332	1577969198332
USER	Fixed Duration Load Simulation 	8	START	1577969198333	1577969198333
USER	Fixed Duration Load Simulation 	5	START	1577969198332	1577969198332
USER	Fixed Duration Load Simulation 	1	START	1577969198332	1577969198332
USER	Fixed Duration Load Simulation 	2	START	1577969198332	1577969198332
USER	Fixed Duration Load Simulation 	3	START	1577969198332	1577969198332
REQUEST	2		get all video games	1577969198377	1577969198396	OK	 
REQUEST	8		get all video games	1577969198377	1577969198397	OK	 
REQUEST	5		get all video games	1577969198377	1577969198396	OK	 
REQUEST	11		get all video games	1577969198377	1577969198398	OK	 
REQUEST	1		get all video games	1577969198377	1577969198396	OK	 
REQUEST	10		get all video games	1577969198377	1577969198396	OK	 
REQUEST	4		get all video games	1577969198377	1577969198396	OK	 
REQUEST	9		get all video games	1577969198377	1577969198418	OK	 
REQUEST	7		get all video games	1577969198377	1577969198396	OK	 
REQUEST	3		get all video games	1577969198377	1577969198395	OK	 
REQUEST	6		get all video games	1577969198377	1577969198396	OK	 
USER	Fixed Duration Load Simulation 	12	START	1577969198833	1577969198833
REQUEST	12		get all video games	1577969198834	1577969198839	OK	 
USER	Fixed Duration Load Simulation 	13	START	1577969199333	1577969199333
REQUEST	13		get all video games	1577969199334	1577969199339	OK	 
USER	Fixed Duration Load Simulation 	14	START	1577969199833	1577969199833
REQUEST	14		get all video games	1577969199834	1577969199839	OK	 
USER	Fixed Duration Load Simulation 	15	START	1577969200333	1577969200333
REQUEST	15		get all video games	1577969200334	1577969200339	OK	 
USER	Fixed Duration Load Simulation 	16	START	1577969201331	1577969201331
REQUEST	16		get all video games	1577969201332	1577969201336	OK	 
USER	Fixed Duration Load Simulation 	17	START	1577969201830	1577969201830
REQUEST	17		get all video games	1577969201831	1577969201835	OK	 
USER	Fixed Duration Load Simulation 	18	START	1577969202330	1577969202330
REQUEST	18		get all video games	1577969202331	1577969202335	OK	 
USER	Fixed Duration Load Simulation 	19	START	1577969202832	1577969202832
REQUEST	19		get all video games	1577969202833	1577969202840	OK	 
USER	Fixed Duration Load Simulation 	20	START	1577969203332	1577969203332
REQUEST	20		get all video games	1577969203333	1577969203338	OK	 
REQUEST	7		get specific video game	1577969203421	1577969203426	OK	 
REQUEST	3		get specific video game	1577969203421	1577969203426	OK	 
REQUEST	1		get specific video game	1577969203421	1577969203429	OK	 
REQUEST	5		get specific video game	1577969203422	1577969203430	OK	 
REQUEST	4		get specific video game	1577969203421	1577969203430	OK	 
REQUEST	6		get specific video game	1577969203422	1577969203431	OK	 
REQUEST	8		get specific video game	1577969203423	1577969203431	OK	 
REQUEST	11		get specific video game	1577969203421	1577969203431	OK	 
REQUEST	10		get specific video game	1577969203423	1577969203432	OK	 
REQUEST	2		get specific video game	1577969203421	1577969203433	OK	 
REQUEST	9		get specific video game	1577969203442	1577969203444	OK	 
REQUEST	12		get specific video game	1577969203851	1577969203854	OK	 
USER	Fixed Duration Load Simulation 	21	START	1577969204332	1577969204332
REQUEST	21		get all video games	1577969204333	1577969204338	OK	 
REQUEST	13		get specific video game	1577969204351	1577969204353	OK	 
USER	Fixed Duration Load Simulation 	22	START	1577969204832	1577969204832
REQUEST	22		get all video games	1577969204833	1577969204837	OK	 
REQUEST	14		get specific video game	1577969204851	1577969204853	OK	 
USER	Fixed Duration Load Simulation 	23	START	1577969205331	1577969205331
REQUEST	23		get all video games	1577969205332	1577969205337	OK	 
REQUEST	15		get specific video game	1577969205361	1577969205363	OK	 
USER	Fixed Duration Load Simulation 	24	START	1577969205830	1577969205830
REQUEST	24		get all video games	1577969205831	1577969205835	OK	 
USER	Fixed Duration Load Simulation 	25	START	1577969206331	1577969206331
REQUEST	25		get all video games	1577969206332	1577969206336	OK	 
REQUEST	16		get specific video game	1577969206352	1577969206357	OK	 
REQUEST	17		get specific video game	1577969206852	1577969206855	OK	 
USER	Fixed Duration Load Simulation 	26	START	1577969207330	1577969207330
REQUEST	26		get all video games	1577969207331	1577969207336	OK	 
REQUEST	18		get specific video game	1577969207352	1577969207355	OK	 
USER	Fixed Duration Load Simulation 	27	START	1577969207831	1577969207831
REQUEST	27		get all video games	1577969207832	1577969207836	OK	 
REQUEST	19		get specific video game	1577969207853	1577969207858	OK	 
USER	Fixed Duration Load Simulation 	28	START	1577969208332	1577969208332
REQUEST	28		get all video games	1577969208332	1577969208336	OK	 
REQUEST	20		get specific video game	1577969208351	1577969208353	OK	 
REQUEST	7		get all video games	1577969208421	1577969208423	OK	 
REQUEST	3		get all video games	1577969208421	1577969208423	OK	 
REQUEST	1		get all video games	1577969208421	1577969208423	OK	 
REQUEST	7		get all video games	1577969208424	1577969208426	OK	 
REQUEST	3		get all video games	1577969208424	1577969208426	OK	 
REQUEST	1		get all video games	1577969208425	1577969208427	OK	 
REQUEST	10		get all video games	1577969208432	1577969208435	OK	 
REQUEST	6		get all video games	1577969208432	1577969208435	OK	 
REQUEST	8		get all video games	1577969208432	1577969208435	OK	 
REQUEST	5		get all video games	1577969208432	1577969208435	OK	 
REQUEST	4		get all video games	1577969208432	1577969208437	OK	 
REQUEST	11		get all video games	1577969208432	1577969208437	OK	 
REQUEST	2		get all video games	1577969208432	1577969208438	OK	 
REQUEST	5		get all video games	1577969208436	1577969208439	OK	 
REQUEST	6		get all video games	1577969208436	1577969208439	OK	 
REQUEST	8		get all video games	1577969208435	1577969208440	OK	 
REQUEST	10		get all video games	1577969208435	1577969208440	OK	 
REQUEST	2		get all video games	1577969208439	1577969208441	OK	 
REQUEST	4		get all video games	1577969208438	1577969208441	OK	 
REQUEST	11		get all video games	1577969208438	1577969208441	OK	 
REQUEST	9		get all video games	1577969208442	1577969208444	OK	 
REQUEST	9		get all video games	1577969208445	1577969208446	OK	 
USER	Fixed Duration Load Simulation 	29	START	1577969208831	1577969208831
REQUEST	29		get all video games	1577969208832	1577969208835	OK	 
REQUEST	12		get all video games	1577969208860	1577969208862	OK	 
REQUEST	12		get all video games	1577969208863	1577969208865	OK	 
USER	Fixed Duration Load Simulation 	30	START	1577969209331	1577969209331
REQUEST	30		get all video games	1577969209332	1577969209336	OK	 
REQUEST	21		get specific video game	1577969209352	1577969209355	OK	 
REQUEST	13		get all video games	1577969209361	1577969209363	OK	 
REQUEST	13		get all video games	1577969209364	1577969209365	OK	 
REQUEST	22		get specific video game	1577969209853	1577969209855	OK	 
REQUEST	14		get all video games	1577969209861	1577969209863	OK	 
REQUEST	14		get all video games	1577969209863	1577969209865	OK	 
USER	Fixed Duration Load Simulation 	31	START	1577969210333	1577969210333
REQUEST	31		get all video games	1577969210333	1577969210339	OK	 
REQUEST	23		get specific video game	1577969210352	1577969210354	OK	 
REQUEST	15		get all video games	1577969210360	1577969210362	OK	 
REQUEST	15		get all video games	1577969210363	1577969210364	OK	 
USER	Fixed Duration Load Simulation 	32	START	1577969210831	1577969210831
REQUEST	32		get all video games	1577969210832	1577969210836	OK	 
REQUEST	24		get specific video game	1577969210851	1577969210854	OK	 
USER	Fixed Duration Load Simulation 	33	START	1577969211332	1577969211332
REQUEST	33		get all video games	1577969211333	1577969211337	OK	 
REQUEST	25		get specific video game	1577969211351	1577969211353	OK	 
REQUEST	16		get all video games	1577969211361	1577969211363	OK	 
REQUEST	16		get all video games	1577969211363	1577969211365	OK	 
USER	Fixed Duration Load Simulation 	34	START	1577969211832	1577969211832
REQUEST	34		get all video games	1577969211833	1577969211836	OK	 
REQUEST	17		get all video games	1577969211861	1577969211863	OK	 
REQUEST	17		get all video games	1577969211863	1577969211865	OK	 
USER	Fixed Duration Load Simulation 	35	START	1577969212332	1577969212332
REQUEST	35		get all video games	1577969212333	1577969212337	OK	 
REQUEST	26		get specific video game	1577969212350	1577969212352	OK	 
REQUEST	18		get all video games	1577969212361	1577969212363	OK	 
REQUEST	18		get all video games	1577969212364	1577969212366	OK	 
REQUEST	27		get specific video game	1577969212853	1577969212855	OK	 
REQUEST	19		get all video games	1577969212860	1577969212863	OK	 
REQUEST	19		get all video games	1577969212863	1577969212865	OK	 
USER	Fixed Duration Load Simulation 	36	START	1577969213332	1577969213332
REQUEST	36		get all video games	1577969213333	1577969213337	OK	 
REQUEST	28		get specific video game	1577969213351	1577969213354	OK	 
REQUEST	20		get all video games	1577969213362	1577969213364	OK	 
REQUEST	20		get all video games	1577969213364	1577969213366	OK	 
REQUEST	3		get specific video game	1577969213422	1577969213425	OK	 
REQUEST	4		get specific video game	1577969213433	1577969213437	OK	 
REQUEST	1		get specific video game	1577969213433	1577969213437	OK	 
REQUEST	6		get specific video game	1577969213433	1577969213437	OK	 
REQUEST	11		get specific video game	1577969213433	1577969213438	OK	 
REQUEST	7		get specific video game	1577969213433	1577969213439	OK	 
REQUEST	8		get specific video game	1577969213433	1577969213439	OK	 
REQUEST	5		get specific video game	1577969213433	1577969213440	OK	 
REQUEST	2		get specific video game	1577969213433	1577969213440	OK	 
REQUEST	10		get specific video game	1577969213433	1577969213440	OK	 
REQUEST	9		get specific video game	1577969213441	1577969213442	OK	 
USER	Fixed Duration Load Simulation 	37	START	1577969213831	1577969213831
REQUEST	37		get all video games	1577969213832	1577969213835	OK	 
REQUEST	29		get specific video game	1577969213853	1577969213855	OK	 
REQUEST	12		get specific video game	1577969213871	1577969213873	OK	 
USER	Fixed Duration Load Simulation 	38	START	1577969214332	1577969214332
REQUEST	38		get all video games	1577969214333	1577969214336	OK	 
REQUEST	30		get specific video game	1577969214352	1577969214355	OK	 
REQUEST	13		get specific video game	1577969214360	1577969214362	OK	 
REQUEST	21		get all video games	1577969214360	1577969214362	OK	 
REQUEST	21		get all video games	1577969214363	1577969214364	OK	 
USER	Fixed Duration Load Simulation 	39	START	1577969214830	1577969214830
REQUEST	39		get all video games	1577969214831	1577969214834	OK	 
REQUEST	22		get all video games	1577969214863	1577969214865	OK	 
REQUEST	22		get all video games	1577969214866	1577969214867	OK	 
REQUEST	14		get specific video game	1577969214870	1577969214873	OK	 
USER	Fixed Duration Load Simulation 	40	START	1577969215332	1577969215332
REQUEST	40		get all video games	1577969215333	1577969215338	OK	 
REQUEST	31		get specific video game	1577969215350	1577969215352	OK	 
REQUEST	23		get all video games	1577969215363	1577969215364	OK	 
REQUEST	23		get all video games	1577969215365	1577969215367	OK	 
REQUEST	15		get specific video game	1577969215372	1577969215377	OK	 
REQUEST	32		get specific video game	1577969215853	1577969215856	OK	 
REQUEST	24		get all video games	1577969215861	1577969215862	OK	 
REQUEST	24		get all video games	1577969215863	1577969215864	OK	 
USER	Fixed Duration Load Simulation 	41	START	1577969216332	1577969216332
REQUEST	41		get all video games	1577969216332	1577969216336	OK	 
REQUEST	33		get specific video game	1577969216352	1577969216354	OK	 
REQUEST	16		get specific video game	1577969216361	1577969216363	OK	 
REQUEST	25		get all video games	1577969216361	1577969216363	OK	 
REQUEST	25		get all video games	1577969216363	1577969216365	OK	 
USER	Fixed Duration Load Simulation 	42	START	1577969216832	1577969216832
REQUEST	42		get all video games	1577969216833	1577969216836	OK	 
REQUEST	34		get specific video game	1577969216853	1577969216856	OK	 
REQUEST	17		get specific video game	1577969216862	1577969216865	OK	 
USER	Fixed Duration Load Simulation 	43	START	1577969217331	1577969217331
REQUEST	43		get all video games	1577969217332	1577969217336	OK	 
REQUEST	35		get specific video game	1577969217352	1577969217354	OK	 
REQUEST	18		get specific video game	1577969217360	1577969217361	OK	 
REQUEST	26		get all video games	1577969217360	1577969217361	OK	 
REQUEST	26		get all video games	1577969217362	1577969217363	OK	 
USER	Fixed Duration Load Simulation 	44	START	1577969217831	1577969217831
REQUEST	44		get all video games	1577969217832	1577969217837	OK	 
REQUEST	27		get all video games	1577969217861	1577969217864	OK	 
REQUEST	27		get all video games	1577969217865	1577969217868	OK	 
REQUEST	19		get specific video game	1577969217871	1577969217873	OK	 
USER	Fixed Duration Load Simulation 	45	START	1577969218332	1577969218332
REQUEST	45		get all video games	1577969218332	1577969218336	OK	 
REQUEST	36		get specific video game	1577969218352	1577969218356	OK	 
REQUEST	20		get specific video game	1577969218361	1577969218363	OK	 
REQUEST	28		get all video games	1577969218361	1577969218363	OK	 
REQUEST	28		get all video games	1577969218363	1577969218365	OK	 
REQUEST	1		get all video games	1577969218432	1577969218436	OK	 
REQUEST	7		get all video games	1577969218432	1577969218436	OK	 
REQUEST	5		get all video games	1577969218432	1577969218436	OK	 
REQUEST	3		get all video games	1577969218432	1577969218436	OK	 
REQUEST	3		get all video games	1577969218437	1577969218439	OK	 
REQUEST	7		get all video games	1577969218437	1577969218439	OK	 
REQUEST	5		get all video games	1577969218437	1577969218440	OK	 
REQUEST	1		get all video games	1577969218436	1577969218440	OK	 
REQUEST	10		get all video games	1577969218441	1577969218443	OK	 
REQUEST	4		get all video games	1577969218440	1577969218443	OK	 
REQUEST	6		get all video games	1577969218441	1577969218444	OK	 
REQUEST	2		get all video games	1577969218441	1577969218444	OK	 
REQUEST	11		get all video games	1577969218441	1577969218444	OK	 
REQUEST	8		get all video games	1577969218441	1577969218445	OK	 
REQUEST	10		get all video games	1577969218444	1577969218446	OK	 
REQUEST	2		get all video games	1577969218444	1577969218446	OK	 
REQUEST	4		get all video games	1577969218444	1577969218447	OK	 
REQUEST	8		get all video games	1577969218445	1577969218447	OK	 
REQUEST	6		get all video games	1577969218444	1577969218448	OK	 
REQUEST	11		get all video games	1577969218445	1577969218448	OK	 
REQUEST	9		get all video games	1577969218451	1577969218452	OK	 
REQUEST	9		get all video games	1577969218452	1577969218454	OK	 
REQUEST	37		get specific video game	1577969218851	1577969218854	OK	 
REQUEST	29		get all video games	1577969218862	1577969218864	OK	 
REQUEST	29		get all video games	1577969218864	1577969218866	OK	 
REQUEST	12		get all video games	1577969218870	1577969218871	OK	 
REQUEST	12		get all video games	1577969218871	1577969218873	OK	 
USER	Fixed Duration Load Simulation 	46	START	1577969219331	1577969219331
REQUEST	46		get all video games	1577969219332	1577969219335	OK	 
REQUEST	38		get specific video game	1577969219352	1577969219354	OK	 
REQUEST	30		get all video games	1577969219362	1577969219363	OK	 
REQUEST	21		get specific video game	1577969219362	1577969219363	OK	 
REQUEST	30		get all video games	1577969219363	1577969219365	OK	 
REQUEST	13		get all video games	1577969219372	1577969219373	OK	 
REQUEST	13		get all video games	1577969219374	1577969219375	OK	 
USER	Fixed Duration Load Simulation 	47	START	1577969219832	1577969219832
REQUEST	47		get all video games	1577969219833	1577969219836	OK	 
REQUEST	39		get specific video game	1577969219853	1577969219856	OK	 
REQUEST	22		get specific video game	1577969219862	1577969219864	OK	 
REQUEST	14		get all video games	1577969219871	1577969219872	OK	 
REQUEST	14		get all video games	1577969219873	1577969219875	OK	 
USER	Fixed Duration Load Simulation 	48	START	1577969220331	1577969220331
REQUEST	48		get all video games	1577969220332	1577969220335	OK	 
REQUEST	40		get specific video game	1577969220351	1577969220353	OK	 
REQUEST	23		get specific video game	1577969220361	1577969220362	OK	 
REQUEST	31		get all video games	1577969220361	1577969220362	OK	 
REQUEST	31		get all video games	1577969220363	1577969220364	OK	 
REQUEST	15		get all video games	1577969220371	1577969220373	OK	 
REQUEST	15		get all video games	1577969220373	1577969220374	OK	 
USER	Fixed Duration Load Simulation 	49	START	1577969220831	1577969220831
REQUEST	49		get all video games	1577969220832	1577969220835	OK	 
REQUEST	24		get specific video game	1577969220861	1577969220863	OK	 
REQUEST	32		get all video games	1577969220861	1577969220863	OK	 
REQUEST	32		get all video games	1577969220863	1577969220864	OK	 
USER	Fixed Duration Load Simulation 	50	START	1577969221330	1577969221330
REQUEST	50		get all video games	1577969221331	1577969221333	OK	 
REQUEST	41		get specific video game	1577969221352	1577969221354	OK	 
REQUEST	33		get all video games	1577969221361	1577969221362	OK	 
REQUEST	25		get specific video game	1577969221361	1577969221362	OK	 
REQUEST	33		get all video games	1577969221363	1577969221364	OK	 
REQUEST	16		get all video games	1577969221371	1577969221372	OK	 
REQUEST	16		get all video games	1577969221373	1577969221374	OK	 
REQUEST	42		get specific video game	1577969221851	1577969221853	OK	 
REQUEST	34		get all video games	1577969221860	1577969221862	OK	 
REQUEST	34		get all video games	1577969221863	1577969221864	OK	 
REQUEST	17		get all video games	1577969221873	1577969221874	OK	 
REQUEST	17		get all video games	1577969221874	1577969221875	OK	 
USER	Fixed Duration Load Simulation 	51	START	1577969222332	1577969222332
REQUEST	51		get all video games	1577969222332	1577969222335	OK	 
REQUEST	43		get specific video game	1577969222352	1577969222354	OK	 
REQUEST	26		get specific video game	1577969222361	1577969222363	OK	 
REQUEST	35		get all video games	1577969222361	1577969222363	OK	 
REQUEST	35		get all video games	1577969222363	1577969222365	OK	 
REQUEST	18		get all video games	1577969222372	1577969222373	OK	 
REQUEST	18		get all video games	1577969222373	1577969222374	OK	 
USER	Fixed Duration Load Simulation 	52	START	1577969222831	1577969222831
REQUEST	52		get all video games	1577969222833	1577969222837	OK	 
REQUEST	44		get specific video game	1577969222851	1577969222853	OK	 
REQUEST	27		get specific video game	1577969222863	1577969222865	OK	 
REQUEST	19		get all video games	1577969222882	1577969222887	OK	 
REQUEST	19		get all video games	1577969222888	1577969222890	OK	 
USER	Fixed Duration Load Simulation 	53	START	1577969223332	1577969223332
REQUEST	53		get all video games	1577969223333	1577969223336	OK	 
REQUEST	45		get specific video game	1577969223351	1577969223353	OK	 
REQUEST	36		get all video games	1577969223362	1577969223363	OK	 
REQUEST	36		get all video games	1577969223363	1577969223364	OK	 
REQUEST	20		get all video games	1577969223373	1577969223375	OK	 
REQUEST	28		get specific video game	1577969223373	1577969223375	OK	 
REQUEST	20		get all video games	1577969223375	1577969223377	OK	 
REQUEST	3		get specific video game	1577969223431	1577969223434	OK	 
REQUEST	6		get specific video game	1577969223442	1577969223445	OK	 
REQUEST	7		get specific video game	1577969223442	1577969223445	OK	 
REQUEST	4		get specific video game	1577969223442	1577969223445	OK	 
REQUEST	8		get specific video game	1577969223451	1577969223452	OK	 
REQUEST	1		get specific video game	1577969223451	1577969223452	OK	 
REQUEST	9		get specific video game	1577969223451	1577969223454	OK	 
REQUEST	10		get specific video game	1577969223451	1577969223454	OK	 
REQUEST	2		get specific video game	1577969223451	1577969223454	OK	 
REQUEST	5		get specific video game	1577969223451	1577969223454	OK	 
REQUEST	11		get specific video game	1577969223451	1577969223454	OK	 
USER	Fixed Duration Load Simulation 	54	START	1577969223831	1577969223831
REQUEST	54		get all video games	1577969223832	1577969223835	OK	 
REQUEST	37		get all video games	1577969223861	1577969223863	OK	 
REQUEST	29		get specific video game	1577969223861	1577969223863	OK	 
REQUEST	37		get all video games	1577969223864	1577969223865	OK	 
REQUEST	12		get specific video game	1577969223872	1577969223873	OK	 
USER	Fixed Duration Load Simulation 	55	START	1577969224332	1577969224332
REQUEST	55		get all video games	1577969224332	1577969224338	OK	 
REQUEST	46		get specific video game	1577969224351	1577969224352	OK	 
REQUEST	30		get specific video game	1577969224361	1577969224364	OK	 
REQUEST	38		get all video games	1577969224361	1577969224364	OK	 
REQUEST	38		get all video games	1577969224364	1577969224366	OK	 
REQUEST	21		get all video games	1577969224372	1577969224373	OK	 
REQUEST	13		get specific video game	1577969224372	1577969224373	OK	 
REQUEST	21		get all video games	1577969224373	1577969224374	OK	 
REQUEST	47		get specific video game	1577969224852	1577969224855	OK	 
REQUEST	39		get all video games	1577969224862	1577969224864	OK	 
REQUEST	39		get all video games	1577969224864	1577969224865	OK	 
REQUEST	14		get specific video game	1577969224871	1577969224872	OK	 
REQUEST	22		get all video games	1577969224871	1577969224872	OK	 
REQUEST	22		get all video games	1577969224873	1577969224874	OK	 
USER	Fixed Duration Load Simulation 	56	START	1577969225332	1577969225332
REQUEST	56		get all video games	1577969225333	1577969225336	OK	 
REQUEST	48		get specific video game	1577969225350	1577969225352	OK	 
REQUEST	31		get specific video game	1577969225360	1577969225362	OK	 
REQUEST	40		get all video games	1577969225360	1577969225362	OK	 
REQUEST	40		get all video games	1577969225362	1577969225363	OK	 
REQUEST	23		get all video games	1577969225370	1577969225371	OK	 
REQUEST	23		get all video games	1577969225372	1577969225373	OK	 
REQUEST	15		get specific video game	1577969225381	1577969225382	OK	 
USER	Fixed Duration Load Simulation 	57	START	1577969225832	1577969225832
REQUEST	57		get all video games	1577969225833	1577969225836	OK	 
REQUEST	49		get specific video game	1577969225851	1577969225854	OK	 
REQUEST	32		get specific video game	1577969225862	1577969225864	OK	 
REQUEST	24		get all video games	1577969225872	1577969225873	OK	 
REQUEST	24		get all video games	1577969225873	1577969225874	OK	 
USER	Fixed Duration Load Simulation 	58	START	1577969226332	1577969226332
REQUEST	58		get all video games	1577969226333	1577969226336	OK	 
REQUEST	50		get specific video game	1577969226350	1577969226352	OK	 
REQUEST	33		get specific video game	1577969226362	1577969226364	OK	 
REQUEST	25		get all video games	1577969226362	1577969226364	OK	 
REQUEST	41		get all video games	1577969226362	1577969226365	OK	 
REQUEST	25		get all video games	1577969226365	1577969226366	OK	 
REQUEST	41		get all video games	1577969226365	1577969226366	OK	 
REQUEST	16		get specific video game	1577969226371	1577969226372	OK	 
USER	Fixed Duration Load Simulation 	59	START	1577969226831	1577969226831
REQUEST	59		get all video games	1577969226832	1577969226835	OK	 
REQUEST	42		get all video games	1577969226861	1577969226864	OK	 
REQUEST	34		get specific video game	1577969226861	1577969226864	OK	 
REQUEST	42		get all video games	1577969226864	1577969226865	OK	 
REQUEST	17		get specific video game	1577969226871	1577969226872	OK	 
USER	Fixed Duration Load Simulation 	60	START	1577969227332	1577969227332
REQUEST	60		get all video games	1577969227333	1577969227336	OK	 
REQUEST	51		get specific video game	1577969227353	1577969227355	OK	 
REQUEST	26		get all video games	1577969227363	1577969227364	OK	 
REQUEST	43		get all video games	1577969227363	1577969227364	OK	 
REQUEST	35		get specific video game	1577969227363	1577969227364	OK	 
REQUEST	26		get all video games	1577969227365	1577969227366	OK	 
REQUEST	43		get all video games	1577969227365	1577969227366	OK	 
REQUEST	18		get specific video game	1577969227372	1577969227374	OK	 
REQUEST	52		get specific video game	1577969227850	1577969227853	OK	 
REQUEST	44		get all video games	1577969227862	1577969227864	OK	 
REQUEST	44		get all video games	1577969227864	1577969227865	OK	 
REQUEST	27		get all video games	1577969227872	1577969227873	OK	 
REQUEST	27		get all video games	1577969227873	1577969227874	OK	 
REQUEST	19		get specific video game	1577969227881	1577969227883	OK	 
REQUEST	53		get specific video game	1577969228351	1577969228353	OK	 
REQUEST	45		get all video games	1577969228363	1577969228365	OK	 
REQUEST	36		get specific video game	1577969228363	1577969228365	OK	 
REQUEST	45		get all video games	1577969228366	1577969228367	OK	 
REQUEST	20		get specific video game	1577969228371	1577969228373	OK	 
REQUEST	28		get all video games	1577969228371	1577969228373	OK	 
REQUEST	28		get all video games	1577969228374	1577969228376	OK	 
REQUEST	7		get all video games	1577969228441	1577969228443	OK	 
REQUEST	3		get all video games	1577969228441	1577969228443	OK	 
REQUEST	7		get all video games	1577969228443	1577969228445	OK	 
REQUEST	3		get all video games	1577969228443	1577969228445	OK	 
REQUEST	8		get all video games	1577969228452	1577969228455	OK	 
REQUEST	2		get all video games	1577969228452	1577969228456	OK	 
REQUEST	10		get all video games	1577969228452	1577969228456	OK	 
REQUEST	6		get all video games	1577969228452	1577969228458	OK	 
REQUEST	4		get all video games	1577969228452	1577969228458	OK	 
REQUEST	9		get all video games	1577969228452	1577969228459	OK	 
REQUEST	8		get all video games	1577969228456	1577969228460	OK	 
REQUEST	1		get all video games	1577969228452	1577969228461	OK	 
REQUEST	4		get all video games	1577969228459	1577969228461	OK	 
REQUEST	11		get all video games	1577969228452	1577969228461	OK	 
REQUEST	5		get all video games	1577969228452	1577969228462	OK	 
REQUEST	2		get all video games	1577969228457	1577969228462	OK	 
REQUEST	1		get all video games	1577969228461	1577969228464	OK	 
REQUEST	10		get all video games	1577969228457	1577969228464	OK	 
REQUEST	11		get all video games	1577969228462	1577969228464	OK	 
REQUEST	5		get all video games	1577969228462	1577969228465	OK	 
REQUEST	6		get all video games	1577969228458	1577969228465	OK	 
REQUEST	9		get all video games	1577969228459	1577969228465	OK	 
REQUEST	54		get specific video game	1577969228852	1577969228855	OK	 
REQUEST	37		get specific video game	1577969228863	1577969228865	OK	 
REQUEST	12		get all video games	1577969228873	1577969228875	OK	 
REQUEST	29		get all video games	1577969228873	1577969228875	OK	 
REQUEST	12		get all video games	1577969228876	1577969228877	OK	 
REQUEST	29		get all video games	1577969228876	1577969228877	OK	 
REQUEST	55		get specific video game	1577969229350	1577969229352	OK	 
REQUEST	46		get all video games	1577969229363	1577969229365	OK	 
REQUEST	38		get specific video game	1577969229363	1577969229365	OK	 
REQUEST	46		get all video games	1577969229365	1577969229367	OK	 
REQUEST	13		get all video games	1577969229370	1577969229371	OK	 
REQUEST	21		get specific video game	1577969229370	1577969229371	OK	 
REQUEST	30		get all video games	1577969229370	1577969229372	OK	 
REQUEST	30		get all video games	1577969229372	1577969229373	OK	 
REQUEST	13		get all video games	1577969229372	1577969229373	OK	 
REQUEST	47		get all video games	1577969229862	1577969229864	OK	 
REQUEST	39		get specific video game	1577969229862	1577969229864	OK	 
REQUEST	47		get all video games	1577969229865	1577969229866	OK	 
REQUEST	22		get specific video game	1577969229872	1577969229874	OK	 
REQUEST	14		get all video games	1577969229883	1577969229885	OK	 
REQUEST	14		get all video games	1577969229885	1577969229887	OK	 
REQUEST	56		get specific video game	1577969230350	1577969230352	OK	 
REQUEST	48		get all video games	1577969230363	1577969230365	OK	 
REQUEST	40		get specific video game	1577969230363	1577969230365	OK	 
REQUEST	48		get all video games	1577969230365	1577969230367	OK	 
REQUEST	23		get specific video game	1577969230371	1577969230372	OK	 
REQUEST	31		get all video games	1577969230371	1577969230372	OK	 
REQUEST	31		get all video games	1577969230373	1577969230374	OK	 
REQUEST	15		get all video games	1577969230382	1577969230383	OK	 
REQUEST	15		get all video games	1577969230383	1577969230384	OK	 
REQUEST	57		get specific video game	1577969230850	1577969230852	OK	 
REQUEST	49		get all video games	1577969230862	1577969230864	OK	 
REQUEST	49		get all video games	1577969230864	1577969230866	OK	 
REQUEST	24		get specific video game	1577969230871	1577969230872	OK	 
REQUEST	32		get all video games	1577969230871	1577969230872	OK	 
REQUEST	32		get all video games	1577969230872	1577969230874	OK	 
REQUEST	58		get specific video game	1577969231353	1577969231355	OK	 
REQUEST	33		get all video games	1577969231361	1577969231363	OK	 
REQUEST	41		get specific video game	1577969231361	1577969231363	OK	 
REQUEST	50		get all video games	1577969231361	1577969231363	OK	 
REQUEST	33		get all video games	1577969231363	1577969231364	OK	 
REQUEST	50		get all video games	1577969231364	1577969231364	OK	 
REQUEST	16		get all video games	1577969231372	1577969231373	OK	 
REQUEST	25		get specific video game	1577969231372	1577969231373	OK	 
REQUEST	16		get all video games	1577969231373	1577969231374	OK	 
REQUEST	59		get specific video game	1577969231852	1577969231855	OK	 
REQUEST	42		get specific video game	1577969231863	1577969231865	OK	 
REQUEST	17		get all video games	1577969231872	1577969231874	OK	 
REQUEST	34		get all video games	1577969231872	1577969231874	OK	 
REQUEST	17		get all video games	1577969231874	1577969231876	OK	 
REQUEST	34		get all video games	1577969231874	1577969231876	OK	 
REQUEST	60		get specific video game	1577969232352	1577969232354	OK	 
REQUEST	43		get specific video game	1577969232362	1577969232364	OK	 
REQUEST	26		get specific video game	1577969232362	1577969232364	OK	 
REQUEST	35		get all video games	1577969232362	1577969232364	OK	 
REQUEST	51		get all video games	1577969232362	1577969232365	OK	 
REQUEST	35		get all video games	1577969232365	1577969232366	OK	 
REQUEST	51		get all video games	1577969232365	1577969232366	OK	 
REQUEST	18		get all video games	1577969232371	1577969232372	OK	 
REQUEST	18		get all video games	1577969232373	1577969232374	OK	 
REQUEST	44		get specific video game	1577969232863	1577969232868	OK	 
REQUEST	52		get all video games	1577969232863	1577969232868	OK	 
REQUEST	52		get all video games	1577969232869	1577969232871	OK	 
REQUEST	27		get specific video game	1577969232872	1577969232873	OK	 
REQUEST	19		get all video games	1577969232893	1577969232895	OK	 
REQUEST	19		get all video games	1577969232895	1577969232897	OK	 
REQUEST	53		get all video games	1577969233363	1577969233365	OK	 
REQUEST	45		get specific video game	1577969233363	1577969233365	OK	 
REQUEST	53		get all video games	1577969233366	1577969233367	OK	 
REQUEST	28		get specific video game	1577969233372	1577969233374	OK	 
REQUEST	36		get all video games	1577969233372	1577969233374	OK	 
REQUEST	36		get all video games	1577969233374	1577969233375	OK	 
REQUEST	20		get all video games	1577969233381	1577969233382	OK	 
REQUEST	20		get all video games	1577969233382	1577969233383	OK	 
REQUEST	3		get specific video game	1577969233443	1577969233445	OK	 
REQUEST	7		get specific video game	1577969233451	1577969233452	OK	 
REQUEST	8		get specific video game	1577969233451	1577969233452	OK	 
REQUEST	2		get specific video game	1577969233462	1577969233463	OK	 
REQUEST	5		get specific video game	1577969233462	1577969233465	OK	 
REQUEST	10		get specific video game	1577969233462	1577969233465	OK	 
REQUEST	6		get specific video game	1577969233462	1577969233465	OK	 
REQUEST	4		get specific video game	1577969233462	1577969233465	OK	 
REQUEST	1		get specific video game	1577969233462	1577969233466	OK	 
REQUEST	11		get specific video game	1577969233471	1577969233472	OK	 
REQUEST	9		get specific video game	1577969233471	1577969233472	OK	 
REQUEST	54		get all video games	1577969233862	1577969233865	OK	 
REQUEST	37		get all video games	1577969233862	1577969233865	OK	 
REQUEST	37		get all video games	1577969233865	1577969233867	OK	 
REQUEST	54		get all video games	1577969233865	1577969233867	OK	 
REQUEST	12		get specific video game	1577969233872	1577969233874	OK	 
REQUEST	29		get specific video game	1577969233872	1577969233874	OK	 
REQUEST	46		get specific video game	1577969234362	1577969234364	OK	 
REQUEST	55		get all video games	1577969234362	1577969234364	OK	 
REQUEST	55		get all video games	1577969234364	1577969234366	OK	 
REQUEST	21		get all video games	1577969234371	1577969234372	OK	 
REQUEST	38		get all video games	1577969234371	1577969234372	OK	 
REQUEST	30		get specific video game	1577969234371	1577969234372	OK	 
REQUEST	21		get all video games	1577969234372	1577969234373	OK	 
REQUEST	38		get all video games	1577969234372	1577969234373	OK	 
REQUEST	13		get specific video game	1577969234381	1577969234383	OK	 
REQUEST	39		get all video games	1577969234862	1577969234864	OK	 
REQUEST	47		get specific video game	1577969234862	1577969234864	OK	 
REQUEST	39		get all video games	1577969234864	1577969234866	OK	 
REQUEST	22		get all video games	1577969234872	1577969234874	OK	 
REQUEST	22		get all video games	1577969234874	1577969234875	OK	 
REQUEST	14		get specific video game	1577969234880	1577969234882	OK	 
REQUEST	40		get all video games	1577969235361	1577969235363	OK	 
REQUEST	48		get specific video game	1577969235361	1577969235363	OK	 
REQUEST	56		get all video games	1577969235361	1577969235364	OK	 
REQUEST	40		get all video games	1577969235363	1577969235365	OK	 
REQUEST	56		get all video games	1577969235364	1577969235365	OK	 
REQUEST	31		get specific video game	1577969235371	1577969235373	OK	 
REQUEST	23		get all video games	1577969235371	1577969235373	OK	 
REQUEST	23		get all video games	1577969235373	1577969235374	OK	 
REQUEST	15		get specific video game	1577969235380	1577969235381	OK	 
REQUEST	57		get all video games	1577969235860	1577969235862	OK	 
REQUEST	49		get specific video game	1577969235860	1577969235862	OK	 
REQUEST	57		get all video games	1577969235863	1577969235865	OK	 
REQUEST	24		get all video games	1577969235871	1577969235873	OK	 
REQUEST	32		get specific video game	1577969235871	1577969235873	OK	 
REQUEST	24		get all video games	1577969235873	1577969235874	OK	 
REQUEST	58		get all video games	1577969236363	1577969236365	OK	 
REQUEST	50		get specific video game	1577969236363	1577969236365	OK	 
REQUEST	58		get all video games	1577969236365	1577969236367	OK	 
REQUEST	41		get all video games	1577969236373	1577969236374	OK	 
REQUEST	33		get specific video game	1577969236373	1577969236374	OK	 
REQUEST	16		get specific video game	1577969236373	1577969236374	OK	 
REQUEST	25		get all video games	1577969236373	1577969236375	OK	 
REQUEST	41		get all video games	1577969236374	1577969236376	OK	 
REQUEST	25		get all video games	1577969236375	1577969236376	OK	 
REQUEST	59		get all video games	1577969236862	1577969236865	OK	 
REQUEST	42		get all video games	1577969236862	1577969236865	OK	 
REQUEST	42		get all video games	1577969236865	1577969236866	OK	 
REQUEST	59		get all video games	1577969236865	1577969236866	OK	 
REQUEST	17		get specific video game	1577969236871	1577969236872	OK	 
REQUEST	34		get specific video game	1577969236871	1577969236872	OK	 
REQUEST	43		get all video games	1577969237362	1577969237365	OK	 
REQUEST	51		get specific video game	1577969237362	1577969237365	OK	 
REQUEST	60		get all video games	1577969237362	1577969237365	OK	 
REQUEST	43		get all video games	1577969237365	1577969237368	OK	 
REQUEST	60		get all video games	1577969237366	1577969237368	OK	 
REQUEST	18		get specific video game	1577969237372	1577969237374	OK	 
REQUEST	35		get specific video game	1577969237371	1577969237374	OK	 
REQUEST	26		get all video games	1577969237371	1577969237374	OK	 
REQUEST	26		get all video games	1577969237374	1577969237375	OK	 
REQUEST	52		get specific video game	1577969237863	1577969237865	OK	 
REQUEST	27		get all video games	1577969237872	1577969237874	OK	 
REQUEST	44		get all video games	1577969237872	1577969237874	OK	 
REQUEST	44		get all video games	1577969237875	1577969237876	OK	 
REQUEST	27		get all video games	1577969237875	1577969237876	OK	 
REQUEST	19		get specific video game	1577969237881	1577969237883	OK	 
REQUEST	53		get specific video game	1577969238362	1577969238364	OK	 
REQUEST	45		get all video games	1577969238362	1577969238364	OK	 
REQUEST	45		get all video games	1577969238365	1577969238368	OK	 
REQUEST	36		get specific video game	1577969238372	1577969238373	OK	 
REQUEST	28		get all video games	1577969238382	1577969238383	OK	 
REQUEST	20		get specific video game	1577969238382	1577969238383	OK	 
REQUEST	28		get all video games	1577969238383	1577969238384	OK	 
REQUEST	7		get all video games	1577969238450	1577969238452	OK	 
REQUEST	3		get all video games	1577969238450	1577969238452	OK	 
REQUEST	7		get all video games	1577969238453	1577969238461	OK	 
REQUEST	3		get all video games	1577969238453	1577969238464	OK	 
REQUEST	1		get all video games	1577969238462	1577969238464	OK	 
REQUEST	8		get all video games	1577969238462	1577969238464	OK	 
REQUEST	4		get all video games	1577969238462	1577969238464	OK	 
REQUEST	8		get all video games	1577969238465	1577969238466	OK	 
REQUEST	1		get all video games	1577969238465	1577969238467	OK	 
REQUEST	4		get all video games	1577969238465	1577969238467	OK	 
REQUEST	2		get all video games	1577969238471	1577969238472	OK	 
REQUEST	9		get all video games	1577969238471	1577969238472	OK	 
REQUEST	11		get all video games	1577969238471	1577969238472	OK	 
REQUEST	10		get all video games	1577969238471	1577969238473	OK	 
REQUEST	6		get all video games	1577969238471	1577969238473	OK	 
REQUEST	5		get all video games	1577969238471	1577969238474	OK	 
REQUEST	9		get all video games	1577969238473	1577969238474	OK	 
REQUEST	11		get all video games	1577969238473	1577969238474	OK	 
REQUEST	10		get all video games	1577969238473	1577969238477	OK	 
REQUEST	2		get all video games	1577969238473	1577969238477	OK	 
REQUEST	5		get all video games	1577969238474	1577969238478	OK	 
REQUEST	6		get all video games	1577969238473	1577969238478	OK	 
REQUEST	54		get specific video game	1577969238861	1577969238863	OK	 
REQUEST	37		get specific video game	1577969238871	1577969238873	OK	 
REQUEST	29		get all video games	1577969238871	1577969238873	OK	 
REQUEST	29		get all video games	1577969238874	1577969238875	OK	 
REQUEST	12		get all video games	1577969238882	1577969238883	OK	 
REQUEST	12		get all video games	1577969238884	1577969238885	OK	 
REQUEST	46		get all video games	1577969239362	1577969239365	OK	 
REQUEST	55		get specific video game	1577969239363	1577969239365	OK	 
REQUEST	46		get all video games	1577969239365	1577969239367	OK	 
REQUEST	21		get specific video game	1577969239372	1577969239373	OK	 
REQUEST	38		get specific video game	1577969239372	1577969239375	OK	 
REQUEST	30		get all video games	1577969239372	1577969239375	OK	 
REQUEST	30		get all video games	1577969239376	1577969239377	OK	 
REQUEST	13		get all video games	1577969239380	1577969239382	OK	 
REQUEST	13		get all video games	1577969239382	1577969239383	OK	 
REQUEST	22		get specific video game	1577969239871	1577969239874	OK	 
REQUEST	47		get all video games	1577969239871	1577969239875	OK	 
REQUEST	39		get specific video game	1577969239871	1577969239874	OK	 
REQUEST	47		get all video games	1577969239875	1577969239877	OK	 
REQUEST	14		get all video games	1577969239882	1577969239884	OK	 
REQUEST	14		get all video games	1577969239884	1577969239885	OK	 
REQUEST	56		get specific video game	1577969240363	1577969240365	OK	 
REQUEST	48		get all video games	1577969240370	1577969240372	OK	 
REQUEST	23		get specific video game	1577969240370	1577969240372	OK	 
REQUEST	40		get specific video game	1577969240370	1577969240372	OK	 
REQUEST	31		get all video games	1577969240370	1577969240373	OK	 
REQUEST	31		get all video games	1577969240373	1577969240374	OK	 
REQUEST	48		get all video games	1577969240373	1577969240374	OK	 
REQUEST	15		get all video games	1577969240382	1577969240383	OK	 
REQUEST	15		get all video games	1577969240384	1577969240385	OK	 
REQUEST	57		get specific video game	1577969240862	1577969240866	OK	 
REQUEST	49		get all video games	1577969240872	1577969240873	OK	 
REQUEST	32		get all video games	1577969240872	1577969240873	OK	 
REQUEST	24		get specific video game	1577969240872	1577969240874	OK	 
REQUEST	32		get all video games	1577969240874	1577969240877	OK	 
REQUEST	49		get all video games	1577969240874	1577969240877	OK	 
REQUEST	50		get all video games	1577969241362	1577969241364	OK	 
REQUEST	58		get specific video game	1577969241362	1577969241364	OK	 
REQUEST	50		get all video games	1577969241365	1577969241368	OK	 
REQUEST	33		get all video games	1577969241371	1577969241373	OK	 
REQUEST	41		get specific video game	1577969241371	1577969241373	OK	 
REQUEST	25		get specific video game	1577969241371	1577969241374	OK	 
REQUEST	16		get all video games	1577969241371	1577969241374	OK	 
REQUEST	33		get all video games	1577969241373	1577969241374	OK	 
REQUEST	16		get all video games	1577969241374	1577969241375	OK	 
REQUEST	59		get specific video game	1577969241862	1577969241865	OK	 
REQUEST	34		get all video games	1577969241871	1577969241873	OK	 
REQUEST	42		get specific video game	1577969241871	1577969241873	OK	 
REQUEST	34		get all video games	1577969241873	1577969241874	OK	 
REQUEST	17		get all video games	1577969241882	1577969241884	OK	 
REQUEST	17		get all video games	1577969241885	1577969241887	OK	 
REQUEST	60		get specific video game	1577969242361	1577969242363	OK	 
REQUEST	51		get all video games	1577969242361	1577969242363	OK	 
REQUEST	51		get all video games	1577969242364	1577969242366	OK	 
REQUEST	18		get all video games	1577969242372	1577969242373	OK	 
REQUEST	35		get all video games	1577969242372	1577969242373	OK	 
REQUEST	26		get specific video game	1577969242372	1577969242374	OK	 
REQUEST	43		get specific video game	1577969242372	1577969242374	OK	 
REQUEST	35		get all video games	1577969242373	1577969242374	OK	 
REQUEST	18		get all video games	1577969242373	1577969242374	OK	 
REQUEST	44		get specific video game	1577969242871	1577969242873	OK	 
REQUEST	52		get all video games	1577969242871	1577969242873	OK	 
REQUEST	52		get all video games	1577969242873	1577969242874	OK	 
REQUEST	27		get specific video game	1577969242882	1577969242883	OK	 
REQUEST	19		get all video games	1577969242892	1577969242893	OK	 
REQUEST	19		get all video games	1577969242893	1577969242894	OK	 
REQUEST	53		get all video games	1577969243370	1577969243371	OK	 
REQUEST	45		get specific video game	1577969243370	1577969243371	OK	 
REQUEST	36		get all video games	1577969243370	1577969243371	OK	 
REQUEST	36		get all video games	1577969243372	1577969243373	OK	 
REQUEST	53		get all video games	1577969243372	1577969243373	OK	 
REQUEST	20		get all video games	1577969243382	1577969243385	OK	 
REQUEST	28		get specific video game	1577969243382	1577969243385	OK	 
REQUEST	20		get all video games	1577969243385	1577969243389	OK	 
REQUEST	8		get specific video game	1577969243462	1577969243464	OK	 
REQUEST	3		get specific video game	1577969243462	1577969243464	OK	 
REQUEST	7		get specific video game	1577969243462	1577969243466	OK	 
REQUEST	4		get specific video game	1577969243472	1577969243475	OK	 
REQUEST	9		get specific video game	1577969243472	1577969243475	OK	 
REQUEST	1		get specific video game	1577969243472	1577969243475	OK	 
REQUEST	11		get specific video game	1577969243472	1577969243475	OK	 
REQUEST	6		get specific video game	1577969243472	1577969243476	OK	 
REQUEST	5		get specific video game	1577969243472	1577969243476	OK	 
REQUEST	2		get specific video game	1577969243472	1577969243477	OK	 
REQUEST	10		get specific video game	1577969243472	1577969243477	OK	 
REQUEST	29		get specific video game	1577969243870	1577969243872	OK	 
REQUEST	54		get all video games	1577969243870	1577969243873	OK	 
REQUEST	37		get all video games	1577969243870	1577969243873	OK	 
REQUEST	37		get all video games	1577969243873	1577969243874	OK	 
REQUEST	54		get all video games	1577969243873	1577969243874	OK	 
REQUEST	12		get specific video game	1577969243882	1577969243883	OK	 
REQUEST	46		get specific video game	1577969244361	1577969244364	OK	 
REQUEST	38		get all video games	1577969244372	1577969244374	OK	 
REQUEST	55		get all video games	1577969244372	1577969244374	OK	 
REQUEST	30		get specific video game	1577969244372	1577969244374	OK	 
REQUEST	21		get all video games	1577969244372	1577969244374	OK	 
REQUEST	38		get all video games	1577969244374	1577969244375	OK	 
REQUEST	55		get all video games	1577969244374	1577969244375	OK	 
REQUEST	21		get all video games	1577969244374	1577969244375	OK	 
REQUEST	13		get specific video game	1577969244380	1577969244381	OK	 
REQUEST	39		get all video games	1577969244870	1577969244873	OK	 
REQUEST	47		get specific video game	1577969244870	1577969244873	OK	 
REQUEST	39		get all video games	1577969244873	1577969244874	OK	 
REQUEST	22		get all video games	1577969244881	1577969244883	OK	 
REQUEST	14		get specific video game	1577969244881	1577969244883	OK	 
REQUEST	22		get all video games	1577969244883	1577969244885	OK	 
REQUEST	56		get all video games	1577969245361	1577969245363	OK	 
REQUEST	56		get all video games	1577969245363	1577969245365	OK	 
REQUEST	48		get specific video game	1577969245371	1577969245372	OK	 
REQUEST	23		get all video games	1577969245371	1577969245372	OK	 
REQUEST	40		get all video games	1577969245371	1577969245373	OK	 
REQUEST	31		get specific video game	1577969245371	1577969245373	OK	 
REQUEST	40		get all video games	1577969245373	1577969245374	OK	 
REQUEST	23		get all video games	1577969245372	1577969245374	OK	 
REQUEST	15		get specific video game	1577969245382	1577969245383	OK	 
REQUEST	57		get all video games	1577969245862	1577969245864	OK	 
REQUEST	57		get all video games	1577969245865	1577969245866	OK	 
REQUEST	49		get specific video game	1577969245870	1577969245872	OK	 
REQUEST	24		get all video games	1577969245870	1577969245872	OK	 
REQUEST	32		get specific video game	1577969245870	1577969245872	OK	 
REQUEST	24		get all video games	1577969245872	1577969245873	OK	 
REQUEST	50		get specific video game	1577969246361	1577969246363	OK	 
REQUEST	58		get all video games	1577969246372	1577969246373	OK	 
REQUEST	41		get all video games	1577969246372	1577969246373	OK	 
REQUEST	33		get specific video game	1577969246372	1577969246373	OK	 
REQUEST	41		get all video games	1577969246373	1577969246375	OK	 
REQUEST	58		get all video games	1577969246373	1577969246375	OK	 
REQUEST	16		get specific video game	1577969246383	1577969246384	OK	 
REQUEST	25		get all video games	1577969246383	1577969246384	OK	 
REQUEST	25		get all video games	1577969246385	1577969246386	OK	 
REQUEST	42		get all video games	1577969246872	1577969246873	OK	 
REQUEST	59		get all video games	1577969246872	1577969246873	OK	 
REQUEST	34		get specific video game	1577969246872	1577969246874	OK	 
REQUEST	59		get all video games	1577969246874	1577969246875	OK	 
REQUEST	42		get all video games	1577969246874	1577969246875	OK	 
REQUEST	17		get specific video game	1577969246882	1577969246884	OK	 
REQUEST	26		get all video games	1577969247372	1577969247375	OK	 
REQUEST	51		get specific video game	1577969247372	1577969247375	OK	 
REQUEST	35		get specific video game	1577969247372	1577969247375	OK	 
REQUEST	60		get all video games	1577969247372	1577969247376	OK	 
REQUEST	43		get all video games	1577969247372	1577969247376	OK	 
REQUEST	26		get all video games	1577969247375	1577969247377	OK	 
REQUEST	60		get all video games	1577969247377	1577969247379	OK	 
REQUEST	43		get all video games	1577969247377	1577969247379	OK	 
REQUEST	18		get specific video game	1577969247382	1577969247383	OK	 
REQUEST	52		get specific video game	1577969247870	1577969247872	OK	 
REQUEST	44		get all video games	1577969247882	1577969247884	OK	 
REQUEST	27		get all video games	1577969247882	1577969247884	OK	 
REQUEST	44		get all video games	1577969247885	1577969247889	OK	 
REQUEST	27		get all video games	1577969247885	1577969247889	OK	 
REQUEST	19		get specific video game	1577969247892	1577969247893	OK	 
REQUEST	53		get specific video game	1577969248371	1577969248373	OK	 
REQUEST	28		get all video games	1577969248381	1577969248383	OK	 
REQUEST	20		get specific video game	1577969248381	1577969248384	OK	 
REQUEST	45		get all video games	1577969248381	1577969248384	OK	 
REQUEST	36		get specific video game	1577969248381	1577969248385	OK	 
REQUEST	28		get all video games	1577969248383	1577969248386	OK	 
REQUEST	45		get all video games	1577969248384	1577969248386	OK	 
REQUEST	3		get all video games	1577969248462	1577969248464	OK	 
REQUEST	3		get all video games	1577969248465	1577969248467	OK	 
REQUEST	9		get all video games	1577969248470	1577969248472	OK	 
REQUEST	1		get all video games	1577969248470	1577969248472	OK	 
REQUEST	7		get all video games	1577969248470	1577969248473	OK	 
REQUEST	8		get all video games	1577969248470	1577969248474	OK	 
REQUEST	2		get all video games	1577969248470	1577969248474	OK	 
REQUEST	4		get all video games	1577969248470	1577969248475	OK	 
REQUEST	11		get all video games	1577969248470	1577969248475	OK	 
REQUEST	1		get all video games	1577969248473	1577969248476	OK	 
REQUEST	7		get all video games	1577969248473	1577969248476	OK	 
REQUEST	8		get all video games	1577969248474	1577969248476	OK	 
REQUEST	9		get all video games	1577969248473	1577969248476	OK	 
REQUEST	2		get all video games	1577969248474	1577969248477	OK	 
REQUEST	4		get all video games	1577969248475	1577969248477	OK	 
REQUEST	11		get all video games	1577969248475	1577969248477	OK	 
REQUEST	10		get all video games	1577969248480	1577969248481	OK	 
REQUEST	5		get all video games	1577969248480	1577969248481	OK	 
REQUEST	6		get all video games	1577969248480	1577969248482	OK	 
REQUEST	10		get all video games	1577969248482	1577969248483	OK	 
REQUEST	5		get all video games	1577969248482	1577969248483	OK	 
REQUEST	6		get all video games	1577969248482	1577969248483	OK	 
REQUEST	54		get specific video game	1577969248872	1577969248874	OK	 
REQUEST	37		get specific video game	1577969248880	1577969248881	OK	 
REQUEST	29		get all video games	1577969248880	1577969248881	OK	 
REQUEST	29		get all video games	1577969248881	1577969248882	OK	 
REQUEST	12		get all video games	1577969248892	1577969248893	OK	 
REQUEST	12		get all video games	1577969248893	1577969248894	OK	 
REQUEST	55		get specific video game	1577969249372	1577969249375	OK	 
REQUEST	21		get specific video game	1577969249372	1577969249375	OK	 
REQUEST	38		get specific video game	1577969249372	1577969249375	OK	 
REQUEST	46		get all video games	1577969249372	1577969249376	OK	 
REQUEST	46		get all video games	1577969249376	1577969249377	OK	 
REQUEST	30		get all video games	1577969249381	1577969249382	OK	 
REQUEST	13		get all video games	1577969249381	1577969249382	OK	 
REQUEST	13		get all video games	1577969249383	1577969249384	OK	 
REQUEST	30		get all video games	1577969249382	1577969249384	OK	 
REQUEST	39		get specific video game	1577969249882	1577969249884	OK	 
REQUEST	22		get specific video game	1577969249882	1577969249884	OK	 
REQUEST	47		get all video games	1577969249882	1577969249887	OK	 
REQUEST	47		get all video games	1577969249887	1577969249889	OK	 
REQUEST	14		get all video games	1577969249890	1577969249892	OK	 
REQUEST	14		get all video games	1577969249892	1577969249893	OK	 
REQUEST	56		get specific video game	1577969250372	1577969250374	OK	 
REQUEST	48		get all video games	1577969250372	1577969250374	OK	 
REQUEST	48		get all video games	1577969250374	1577969250375	OK	 
REQUEST	31		get all video games	1577969250380	1577969250381	OK	 
REQUEST	40		get specific video game	1577969250380	1577969250381	OK	 
REQUEST	23		get specific video game	1577969250380	1577969250381	OK	 
REQUEST	31		get all video games	1577969250381	1577969250383	OK	 
REQUEST	15		get all video games	1577969250390	1577969250392	OK	 
REQUEST	15		get all video games	1577969250392	1577969250393	OK	 
REQUEST	49		get all video games	1577969250872	1577969250874	OK	 
REQUEST	57		get specific video game	1577969250872	1577969250874	OK	 
REQUEST	49		get all video games	1577969250874	1577969250876	OK	 
REQUEST	24		get specific video game	1577969250880	1577969250881	OK	 
REQUEST	32		get all video games	1577969250880	1577969250881	OK	 
REQUEST	32		get all video games	1577969250881	1577969250882	OK	 
REQUEST	58		get specific video game	1577969251371	1577969251374	OK	 
REQUEST	41		get specific video game	1577969251371	1577969251374	OK	 
REQUEST	50		get all video games	1577969251371	1577969251374	OK	 
REQUEST	50		get all video games	1577969251375	1577969251376	OK	 
REQUEST	33		get all video games	1577969251381	1577969251382	OK	 
REQUEST	25		get specific video game	1577969251381	1577969251382	OK	 
REQUEST	16		get all video games	1577969251381	1577969251382	OK	 
REQUEST	33		get all video games	1577969251382	1577969251383	OK	 
REQUEST	16		get all video games	1577969251382	1577969251383	OK	 
REQUEST	59		get specific video game	1577969251870	1577969251873	OK	 
REQUEST	42		get specific video game	1577969251870	1577969251873	OK	 
REQUEST	17		get all video games	1577969251881	1577969251882	OK	 
REQUEST	34		get all video games	1577969251881	1577969251882	OK	 
REQUEST	34		get all video games	1577969251883	1577969251884	OK	 
REQUEST	17		get all video games	1577969251883	1577969251884	OK	 
REQUEST	51		get all video games	1577969252371	1577969252374	OK	 
REQUEST	43		get specific video game	1577969252371	1577969252374	OK	 
REQUEST	60		get specific video game	1577969252371	1577969252374	OK	 
REQUEST	51		get all video games	1577969252374	1577969252377	OK	 
REQUEST	18		get all video games	1577969252381	1577969252382	OK	 
REQUEST	26		get specific video game	1577969252381	1577969252383	OK	 
REQUEST	35		get all video games	1577969252381	1577969252383	OK	 
REQUEST	18		get all video games	1577969252382	1577969252384	OK	 
REQUEST	35		get all video games	1577969252383	1577969252384	OK	 
REQUEST	27		get specific video game	1577969252882	1577969252885	OK	 
REQUEST	44		get specific video game	1577969252882	1577969252885	OK	 
REQUEST	52		get all video games	1577969252882	1577969252886	OK	 
REQUEST	52		get all video games	1577969252887	1577969252889	OK	 
REQUEST	19		get all video games	1577969252892	1577969252893	OK	 
REQUEST	19		get all video games	1577969252893	1577969252894	OK	 
