RUN	simulations.RampUsersLoadSimulation	rampusersloadsimulation	1577967416330	 	3.0.2
USER	Basic Load Simulation 	1	START	1577967422286	1577967422286
REQUEST	1		get all video games	1577967422313	1577967422324	OK	 
USER	Basic Load Simulation 	2	START	1577967422394	1577967422394
REQUEST	2		get all video games	1577967422395	1577967422402	OK	 
USER	Basic Load Simulation 	3	START	1577967422496	1577967422496
REQUEST	3		get all video games	1577967422498	1577967422505	OK	 
USER	Basic Load Simulation 	4	START	1577967422596	1577967422596
REQUEST	4		get all video games	1577967422597	1577967422604	OK	 
USER	Basic Load Simulation 	5	START	1577967422694	1577967422694
REQUEST	5		get all video games	1577967422695	1577967422702	OK	 
USER	Basic Load Simulation 	6	START	1577967422794	1577967422794
REQUEST	6		get all video games	1577967422796	1577967422805	OK	 
USER	Basic Load Simulation 	7	START	1577967422895	1577967422895
REQUEST	7		get all video games	1577967422896	1577967422903	OK	 
USER	Basic Load Simulation 	8	START	1577967422995	1577967422995
REQUEST	8		get all video games	1577967422997	1577967423004	OK	 
USER	Basic Load Simulation 	9	START	1577967423095	1577967423095
REQUEST	9		get all video games	1577967423096	1577967423103	OK	 
USER	Basic Load Simulation 	10	START	1577967423194	1577967423194
REQUEST	10		get all video games	1577967423195	1577967423201	OK	 
USER	Basic Load Simulation 	11	START	1577967423296	1577967423296
REQUEST	11		get all video games	1577967423297	1577967423304	OK	 
USER	Basic Load Simulation 	12	START	1577967423386	1577967423386
REQUEST	12		get all video games	1577967423387	1577967423393	OK	 
USER	Basic Load Simulation 	13	START	1577967423484	1577967423484
REQUEST	13		get all video games	1577967423485	1577967423493	OK	 
USER	Basic Load Simulation 	14	START	1577967423584	1577967423584
REQUEST	14		get all video games	1577967423585	1577967423593	OK	 
USER	Basic Load Simulation 	15	START	1577967423686	1577967423686
REQUEST	15		get all video games	1577967423687	1577967423696	OK	 
USER	Basic Load Simulation 	16	START	1577967423785	1577967423785
REQUEST	16		get all video games	1577967423786	1577967423792	OK	 
USER	Basic Load Simulation 	17	START	1577967423885	1577967423885
REQUEST	17		get all video games	1577967423886	1577967423891	OK	 
USER	Basic Load Simulation 	18	START	1577967423984	1577967423984
REQUEST	18		get all video games	1577967423985	1577967423991	OK	 
USER	Basic Load Simulation 	19	START	1577967424085	1577967424085
REQUEST	19		get all video games	1577967424086	1577967424093	OK	 
USER	Basic Load Simulation 	20	START	1577967424184	1577967424184
REQUEST	20		get all video games	1577967424185	1577967424190	OK	 
USER	Basic Load Simulation 	21	START	1577967424286	1577967424286
REQUEST	21		get all video games	1577967424286	1577967424292	OK	 
USER	Basic Load Simulation 	22	START	1577967424384	1577967424384
REQUEST	22		get all video games	1577967424385	1577967424390	OK	 
USER	Basic Load Simulation 	23	START	1577967424486	1577967424486
REQUEST	23		get all video games	1577967424486	1577967424495	OK	 
USER	Basic Load Simulation 	24	START	1577967424585	1577967424585
REQUEST	24		get all video games	1577967424586	1577967424593	OK	 
USER	Basic Load Simulation 	25	START	1577967424685	1577967424685
REQUEST	25		get all video games	1577967424686	1577967424694	OK	 
USER	Basic Load Simulation 	26	START	1577967424785	1577967424785
REQUEST	26		get all video games	1577967424786	1577967424791	OK	 
USER	Basic Load Simulation 	27	START	1577967424883	1577967424883
REQUEST	27		get all video games	1577967424884	1577967424890	OK	 
USER	Basic Load Simulation 	28	START	1577967424986	1577967424986
REQUEST	28		get all video games	1577967424987	1577967424994	OK	 
USER	Basic Load Simulation 	29	START	1577967425086	1577967425086
REQUEST	29		get all video games	1577967425087	1577967425094	OK	 
USER	Basic Load Simulation 	30	START	1577967425185	1577967425185
REQUEST	30		get all video games	1577967425186	1577967425191	OK	 
USER	Basic Load Simulation 	31	START	1577967425283	1577967425283
REQUEST	31		get all video games	1577967425284	1577967425290	OK	 
USER	Basic Load Simulation 	32	START	1577967425385	1577967425385
REQUEST	32		get all video games	1577967425386	1577967425391	OK	 
USER	Basic Load Simulation 	33	START	1577967425486	1577967425486
REQUEST	33		get all video games	1577967425486	1577967425493	OK	 
USER	Basic Load Simulation 	34	START	1577967425585	1577967425585
REQUEST	34		get all video games	1577967425586	1577967425595	OK	 
USER	Basic Load Simulation 	35	START	1577967425684	1577967425684
REQUEST	35		get all video games	1577967425686	1577967425692	OK	 
USER	Basic Load Simulation 	36	START	1577967425783	1577967425783
REQUEST	36		get all video games	1577967425784	1577967425790	OK	 
USER	Basic Load Simulation 	37	START	1577967425883	1577967425883
REQUEST	37		get all video games	1577967425884	1577967425889	OK	 
USER	Basic Load Simulation 	38	START	1577967425984	1577967425984
REQUEST	38		get all video games	1577967425985	1577967425990	OK	 
USER	Basic Load Simulation 	39	START	1577967426085	1577967426085
REQUEST	39		get all video games	1577967426086	1577967426093	OK	 
USER	Basic Load Simulation 	40	START	1577967426184	1577967426184
REQUEST	40		get all video games	1577967426185	1577967426190	OK	 
USER	Basic Load Simulation 	41	START	1577967426286	1577967426286
REQUEST	41		get all video games	1577967426286	1577967426291	OK	 
USER	Basic Load Simulation 	42	START	1577967426396	1577967426396
REQUEST	42		get all video games	1577967426397	1577967426402	OK	 
USER	Basic Load Simulation 	43	START	1577967426495	1577967426495
REQUEST	43		get all video games	1577967426497	1577967426503	OK	 
USER	Basic Load Simulation 	44	START	1577967426593	1577967426593
REQUEST	44		get all video games	1577967426594	1577967426601	OK	 
USER	Basic Load Simulation 	45	START	1577967426694	1577967426694
REQUEST	45		get all video games	1577967426696	1577967426704	OK	 
USER	Basic Load Simulation 	46	START	1577967426795	1577967426795
REQUEST	46		get all video games	1577967426796	1577967426801	OK	 
USER	Basic Load Simulation 	47	START	1577967426895	1577967426895
REQUEST	47		get all video games	1577967426896	1577967426901	OK	 
USER	Basic Load Simulation 	48	START	1577967426995	1577967426995
REQUEST	48		get all video games	1577967426996	1577967427001	OK	 
USER	Basic Load Simulation 	49	START	1577967427095	1577967427095
REQUEST	49		get all video games	1577967427096	1577967427102	OK	 
USER	Basic Load Simulation 	50	START	1577967427195	1577967427195
REQUEST	50		get all video games	1577967427196	1577967427201	OK	 
USER	Basic Load Simulation 	51	START	1577967427296	1577967427296
REQUEST	51		get all video games	1577967427297	1577967427301	OK	 
REQUEST	1		get specific video game	1577967427345	1577967427350	OK	 
USER	Basic Load Simulation 	52	START	1577967427385	1577967427385
REQUEST	52		get all video games	1577967427386	1577967427392	OK	 
REQUEST	2		get specific video game	1577967427414	1577967427417	OK	 
USER	Basic Load Simulation 	53	START	1577967427484	1577967427484
REQUEST	53		get all video games	1577967427484	1577967427489	OK	 
REQUEST	3		get specific video game	1577967427525	1577967427528	OK	 
USER	Basic Load Simulation 	54	START	1577967427585	1577967427585
REQUEST	54		get all video games	1577967427586	1577967427590	OK	 
REQUEST	4		get specific video game	1577967427614	1577967427617	OK	 
USER	Basic Load Simulation 	55	START	1577967427685	1577967427685
REQUEST	55		get all video games	1577967427686	1577967427695	OK	 
REQUEST	5		get specific video game	1577967427716	1577967427719	OK	 
USER	Basic Load Simulation 	56	START	1577967427784	1577967427784
REQUEST	56		get all video games	1577967427785	1577967427794	OK	 
REQUEST	6		get specific video game	1577967427826	1577967427829	OK	 
USER	Basic Load Simulation 	57	START	1577967427885	1577967427885
REQUEST	57		get all video games	1577967427885	1577967427891	OK	 
REQUEST	7		get specific video game	1577967427924	1577967427928	OK	 
USER	Basic Load Simulation 	58	START	1577967427985	1577967427985
REQUEST	58		get all video games	1577967427986	1577967427995	OK	 
REQUEST	8		get specific video game	1577967428016	1577967428019	OK	 
USER	Basic Load Simulation 	59	START	1577967428086	1577967428086
REQUEST	59		get all video games	1577967428087	1577967428092	OK	 
REQUEST	9		get specific video game	1577967428124	1577967428128	OK	 
USER	Basic Load Simulation 	60	START	1577967428186	1577967428186
REQUEST	60		get all video games	1577967428187	1577967428191	OK	 
REQUEST	10		get specific video game	1577967428215	1577967428218	OK	 
USER	Basic Load Simulation 	61	START	1577967428284	1577967428284
REQUEST	61		get all video games	1577967428285	1577967428290	OK	 
REQUEST	11		get specific video game	1577967428325	1577967428329	OK	 
USER	Basic Load Simulation 	62	START	1577967428386	1577967428386
REQUEST	62		get all video games	1577967428387	1577967428392	OK	 
REQUEST	12		get specific video game	1577967428404	1577967428407	OK	 
USER	Basic Load Simulation 	63	START	1577967428485	1577967428485
REQUEST	63		get all video games	1577967428485	1577967428495	OK	 
REQUEST	13		get specific video game	1577967428516	1577967428519	OK	 
USER	Basic Load Simulation 	64	START	1577967428585	1577967428585
REQUEST	64		get all video games	1577967428585	1577967428590	OK	 
REQUEST	14		get specific video game	1577967428603	1577967428606	OK	 
USER	Basic Load Simulation 	65	START	1577967428685	1577967428685
REQUEST	65		get all video games	1577967428686	1577967428696	OK	 
REQUEST	15		get specific video game	1577967428716	1577967428719	OK	 
USER	Basic Load Simulation 	66	START	1577967428783	1577967428783
REQUEST	66		get all video games	1577967428784	1577967428789	OK	 
REQUEST	16		get specific video game	1577967428806	1577967428811	OK	 
USER	Basic Load Simulation 	67	START	1577967428885	1577967428885
REQUEST	67		get all video games	1577967428886	1577967428891	OK	 
REQUEST	17		get specific video game	1577967428905	1577967428908	OK	 
USER	Basic Load Simulation 	68	START	1577967428984	1577967428984
REQUEST	68		get all video games	1577967428985	1577967428995	OK	 
REQUEST	18		get specific video game	1577967429005	1577967429009	OK	 
USER	Basic Load Simulation 	69	START	1577967429085	1577967429085
REQUEST	69		get all video games	1577967429085	1577967429089	OK	 
REQUEST	19		get specific video game	1577967429115	1577967429118	OK	 
USER	Basic Load Simulation 	70	START	1577967429185	1577967429185
REQUEST	70		get all video games	1577967429185	1577967429190	OK	 
REQUEST	20		get specific video game	1577967429205	1577967429209	OK	 
USER	Basic Load Simulation 	71	START	1577967429286	1577967429286
REQUEST	71		get all video games	1577967429287	1577967429291	OK	 
REQUEST	21		get specific video game	1577967429305	1577967429307	OK	 
USER	Basic Load Simulation 	72	START	1577967429385	1577967429385
REQUEST	72		get all video games	1577967429386	1577967429390	OK	 
REQUEST	22		get specific video game	1577967429404	1577967429408	OK	 
USER	Basic Load Simulation 	73	START	1577967429485	1577967429485
REQUEST	73		get all video games	1577967429486	1577967429494	OK	 
REQUEST	23		get specific video game	1577967429516	1577967429518	OK	 
USER	Basic Load Simulation 	74	START	1577967429585	1577967429585
REQUEST	74		get all video games	1577967429586	1577967429590	OK	 
REQUEST	24		get specific video game	1577967429606	1577967429610	OK	 
USER	Basic Load Simulation 	75	START	1577967429685	1577967429685
REQUEST	75		get all video games	1577967429686	1577967429690	OK	 
REQUEST	25		get specific video game	1577967429715	1577967429718	OK	 
USER	Basic Load Simulation 	76	START	1577967429783	1577967429783
REQUEST	76		get all video games	1577967429784	1577967429788	OK	 
REQUEST	26		get specific video game	1577967429804	1577967429809	OK	 
USER	Basic Load Simulation 	77	START	1577967429884	1577967429884
REQUEST	77		get all video games	1577967429885	1577967429890	OK	 
REQUEST	27		get specific video game	1577967429905	1577967429908	OK	 
USER	Basic Load Simulation 	78	START	1577967429985	1577967429985
REQUEST	78		get all video games	1577967429986	1577967429996	OK	 
REQUEST	28		get specific video game	1577967430015	1577967430018	OK	 
USER	Basic Load Simulation 	79	START	1577967430084	1577967430084
REQUEST	79		get all video games	1577967430085	1577967430089	OK	 
REQUEST	29		get specific video game	1577967430106	1577967430108	OK	 
USER	Basic Load Simulation 	80	START	1577967430185	1577967430185
REQUEST	80		get all video games	1577967430186	1577967430191	OK	 
REQUEST	30		get specific video game	1577967430204	1577967430208	OK	 
USER	Basic Load Simulation 	81	START	1577967430285	1577967430285
REQUEST	81		get all video games	1577967430286	1577967430290	OK	 
REQUEST	31		get specific video game	1577967430305	1577967430310	OK	 
USER	Basic Load Simulation 	82	START	1577967430396	1577967430396
REQUEST	82		get all video games	1577967430396	1577967430401	OK	 
REQUEST	32		get specific video game	1577967430404	1577967430407	OK	 
USER	Basic Load Simulation 	83	START	1577967430496	1577967430496
REQUEST	83		get all video games	1577967430496	1577967430501	OK	 
REQUEST	33		get specific video game	1577967430506	1577967430513	OK	 
USER	Basic Load Simulation 	84	START	1577967430595	1577967430595
REQUEST	84		get all video games	1577967430596	1577967430600	OK	 
REQUEST	34		get specific video game	1577967430616	1577967430618	OK	 
USER	Basic Load Simulation 	85	START	1577967430694	1577967430694
REQUEST	85		get all video games	1577967430696	1577967430703	OK	 
REQUEST	35		get specific video game	1577967430705	1577967430710	OK	 
USER	Basic Load Simulation 	86	START	1577967430793	1577967430793
REQUEST	86		get all video games	1577967430794	1577967430799	OK	 
REQUEST	36		get specific video game	1577967430805	1577967430808	OK	 
USER	Basic Load Simulation 	87	START	1577967430895	1577967430895
REQUEST	87		get all video games	1577967430896	1577967430901	OK	 
REQUEST	37		get specific video game	1577967430906	1577967430910	OK	 
USER	Basic Load Simulation 	88	START	1577967430996	1577967430996
REQUEST	88		get all video games	1577967430997	1577967431001	OK	 
REQUEST	38		get specific video game	1577967431003	1577967431006	OK	 
USER	Basic Load Simulation 	89	START	1577967431094	1577967431094
REQUEST	89		get all video games	1577967431095	1577967431100	OK	 
REQUEST	39		get specific video game	1577967431114	1577967431116	OK	 
USER	Basic Load Simulation 	90	START	1577967431193	1577967431193
REQUEST	90		get all video games	1577967431194	1577967431198	OK	 
REQUEST	40		get specific video game	1577967431205	1577967431208	OK	 
USER	Basic Load Simulation 	91	START	1577967431295	1577967431295
REQUEST	91		get all video games	1577967431296	1577967431301	OK	 
REQUEST	41		get specific video game	1577967431306	1577967431309	OK	 
USER	Basic Load Simulation 	92	START	1577967431385	1577967431385
REQUEST	92		get all video games	1577967431385	1577967431390	OK	 
REQUEST	42		get specific video game	1577967431416	1577967431420	OK	 
USER	Basic Load Simulation 	93	START	1577967431484	1577967431484
REQUEST	93		get all video games	1577967431485	1577967431489	OK	 
REQUEST	43		get specific video game	1577967431516	1577967431519	OK	 
USER	Basic Load Simulation 	94	START	1577967431585	1577967431585
REQUEST	94		get all video games	1577967431586	1577967431591	OK	 
REQUEST	44		get specific video game	1577967431615	1577967431620	OK	 
USER	Basic Load Simulation 	95	START	1577967431684	1577967431684
REQUEST	95		get all video games	1577967431684	1577967431689	OK	 
REQUEST	45		get specific video game	1577967431725	1577967431729	OK	 
USER	Basic Load Simulation 	96	START	1577967431785	1577967431785
REQUEST	96		get all video games	1577967431786	1577967431790	OK	 
REQUEST	46		get specific video game	1577967431815	1577967431818	OK	 
USER	Basic Load Simulation 	97	START	1577967431884	1577967431884
REQUEST	97		get all video games	1577967431885	1577967431889	OK	 
REQUEST	47		get specific video game	1577967431914	1577967431917	OK	 
USER	Basic Load Simulation 	98	START	1577967431986	1577967431986
REQUEST	98		get all video games	1577967431986	1577967431991	OK	 
REQUEST	48		get specific video game	1577967432014	1577967432018	OK	 
USER	Basic Load Simulation 	99	START	1577967432085	1577967432085
REQUEST	99		get all video games	1577967432086	1577967432093	OK	 
REQUEST	49		get specific video game	1577967432116	1577967432119	OK	 
USER	Basic Load Simulation 	100	START	1577967432186	1577967432186
REQUEST	100		get all video games	1577967432187	1577967432191	OK	 
REQUEST	50		get specific video game	1577967432215	1577967432218	OK	 
REQUEST	51		get specific video game	1577967432315	1577967432318	OK	 
REQUEST	1		get all video games	1577967432344	1577967432346	OK	 
USER	Basic Load Simulation 	1	END	1577967422286	1577967432350
REQUEST	52		get specific video game	1577967432404	1577967432408	OK	 
REQUEST	2		get all video games	1577967432425	1577967432428	OK	 
USER	Basic Load Simulation 	2	END	1577967422394	1577967432429
REQUEST	53		get specific video game	1577967432505	1577967432512	OK	 
REQUEST	3		get all video games	1577967432535	1577967432538	OK	 
USER	Basic Load Simulation 	3	END	1577967422496	1577967432539
REQUEST	54		get specific video game	1577967432605	1577967432609	OK	 
REQUEST	4		get all video games	1577967432635	1577967432638	OK	 
USER	Basic Load Simulation 	4	END	1577967422596	1577967432638
REQUEST	55		get specific video game	1577967432715	1577967432719	OK	 
REQUEST	5		get all video games	1577967432726	1577967432729	OK	 
USER	Basic Load Simulation 	5	END	1577967422694	1577967432729
REQUEST	56		get specific video game	1577967432807	1577967432812	OK	 
REQUEST	6		get all video games	1577967432826	1577967432832	OK	 
USER	Basic Load Simulation 	6	END	1577967422794	1577967432832
REQUEST	57		get specific video game	1577967432905	1577967432909	OK	 
REQUEST	7		get all video games	1577967432926	1577967432931	OK	 
USER	Basic Load Simulation 	7	END	1577967422895	1577967432931
REQUEST	58		get specific video game	1577967433015	1577967433018	OK	 
REQUEST	8		get all video games	1577967433024	1577967433026	OK	 
USER	Basic Load Simulation 	8	END	1577967422995	1577967433026
REQUEST	59		get specific video game	1577967433104	1577967433107	OK	 
REQUEST	9		get all video games	1577967433126	1577967433127	OK	 
USER	Basic Load Simulation 	9	END	1577967423095	1577967433128
REQUEST	60		get specific video game	1577967433205	1577967433209	OK	 
REQUEST	10		get all video games	1577967433226	1577967433229	OK	 
USER	Basic Load Simulation 	10	END	1577967423194	1577967433230
REQUEST	61		get specific video game	1577967433306	1577967433309	OK	 
REQUEST	11		get all video games	1577967433324	1577967433327	OK	 
USER	Basic Load Simulation 	11	END	1577967423296	1577967433327
REQUEST	62		get specific video game	1577967433405	1577967433409	OK	 
REQUEST	12		get all video games	1577967433416	1577967433419	OK	 
USER	Basic Load Simulation 	12	END	1577967423386	1577967433419
REQUEST	63		get specific video game	1577967433515	1577967433519	OK	 
REQUEST	13		get all video games	1577967433515	1577967433520	OK	 
USER	Basic Load Simulation 	13	END	1577967423484	1577967433520
REQUEST	64		get specific video game	1577967433605	1577967433612	OK	 
REQUEST	14		get all video games	1577967433615	1577967433618	OK	 
USER	Basic Load Simulation 	14	END	1577967423584	1577967433618
REQUEST	15		get all video games	1577967433716	1577967433720	OK	 
REQUEST	65		get specific video game	1577967433716	1577967433720	OK	 
USER	Basic Load Simulation 	15	END	1577967423686	1577967433720
REQUEST	66		get specific video game	1577967433805	1577967433809	OK	 
REQUEST	16		get all video games	1577967433815	1577967433818	OK	 
USER	Basic Load Simulation 	16	END	1577967423785	1577967433819
REQUEST	67		get specific video game	1577967433904	1577967433907	OK	 
REQUEST	17		get all video games	1577967433915	1577967433918	OK	 
USER	Basic Load Simulation 	17	END	1577967423885	1577967433918
REQUEST	68		get specific video game	1577967434015	1577967434018	OK	 
REQUEST	18		get all video games	1577967434015	1577967434018	OK	 
USER	Basic Load Simulation 	18	END	1577967423984	1577967434019
REQUEST	69		get specific video game	1577967434104	1577967434107	OK	 
REQUEST	19		get all video games	1577967434114	1577967434117	OK	 
USER	Basic Load Simulation 	19	END	1577967424085	1577967434118
REQUEST	70		get specific video game	1577967434206	1577967434210	OK	 
REQUEST	20		get all video games	1577967434214	1577967434216	OK	 
USER	Basic Load Simulation 	20	END	1577967424184	1577967434217
REQUEST	71		get specific video game	1577967434305	1577967434309	OK	 
REQUEST	21		get all video games	1577967434314	1577967434319	OK	 
USER	Basic Load Simulation 	21	END	1577967424286	1577967434319
REQUEST	72		get specific video game	1577967434404	1577967434408	OK	 
REQUEST	22		get all video games	1577967434414	1577967434416	OK	 
USER	Basic Load Simulation 	22	END	1577967424384	1577967434417
REQUEST	23		get all video games	1577967434515	1577967434519	OK	 
REQUEST	73		get specific video game	1577967434515	1577967434519	OK	 
USER	Basic Load Simulation 	23	END	1577967424486	1577967434519
REQUEST	74		get specific video game	1577967434606	1577967434613	OK	 
REQUEST	24		get all video games	1577967434614	1577967434619	OK	 
USER	Basic Load Simulation 	24	END	1577967424585	1577967434619
REQUEST	75		get specific video game	1577967434705	1577967434709	OK	 
REQUEST	25		get all video games	1577967434714	1577967434717	OK	 
USER	Basic Load Simulation 	25	END	1577967424685	1577967434717
REQUEST	76		get specific video game	1577967434804	1577967434807	OK	 
REQUEST	26		get all video games	1577967434815	1577967434819	OK	 
USER	Basic Load Simulation 	26	END	1577967424785	1577967434819
REQUEST	77		get specific video game	1577967434904	1577967434907	OK	 
REQUEST	27		get all video games	1577967434916	1577967434919	OK	 
USER	Basic Load Simulation 	27	END	1577967424883	1577967434920
REQUEST	78		get specific video game	1577967435015	1577967435020	OK	 
REQUEST	28		get all video games	1577967435015	1577967435020	OK	 
USER	Basic Load Simulation 	28	END	1577967424986	1577967435021
REQUEST	79		get specific video game	1577967435106	1577967435110	OK	 
REQUEST	29		get all video games	1577967435114	1577967435116	OK	 
USER	Basic Load Simulation 	29	END	1577967425086	1577967435116
REQUEST	80		get specific video game	1577967435204	1577967435208	OK	 
REQUEST	30		get all video games	1577967435215	1577967435217	OK	 
USER	Basic Load Simulation 	30	END	1577967425185	1577967435218
REQUEST	81		get specific video game	1577967435306	1577967435310	OK	 
REQUEST	31		get all video games	1577967435315	1577967435317	OK	 
USER	Basic Load Simulation 	31	END	1577967425283	1577967435318
REQUEST	82		get specific video game	1577967435414	1577967435417	OK	 
REQUEST	32		get all video games	1577967435414	1577967435417	OK	 
USER	Basic Load Simulation 	32	END	1577967425385	1577967435418
REQUEST	83		get specific video game	1577967435515	1577967435521	OK	 
REQUEST	33		get all video games	1577967435515	1577967435521	OK	 
USER	Basic Load Simulation 	33	END	1577967425486	1577967435522
REQUEST	34		get all video games	1577967435615	1577967435619	OK	 
REQUEST	84		get specific video game	1577967435615	1577967435619	OK	 
USER	Basic Load Simulation 	34	END	1577967425585	1577967435620
REQUEST	85		get specific video game	1577967435716	1577967435721	OK	 
REQUEST	35		get all video games	1577967435716	1577967435720	OK	 
USER	Basic Load Simulation 	35	END	1577967425684	1577967435721
REQUEST	36		get all video games	1577967435815	1577967435818	OK	 
REQUEST	86		get specific video game	1577967435815	1577967435818	OK	 
USER	Basic Load Simulation 	36	END	1577967425783	1577967435818
REQUEST	37		get all video games	1577967435917	1577967435920	OK	 
REQUEST	87		get specific video game	1577967435917	1577967435920	OK	 
USER	Basic Load Simulation 	37	END	1577967425883	1577967435921
REQUEST	88		get specific video game	1577967436016	1577967436023	OK	 
REQUEST	38		get all video games	1577967436016	1577967436023	OK	 
USER	Basic Load Simulation 	38	END	1577967425984	1577967436024
REQUEST	39		get all video games	1577967436117	1577967436121	OK	 
REQUEST	89		get specific video game	1577967436117	1577967436121	OK	 
USER	Basic Load Simulation 	39	END	1577967426085	1577967436122
REQUEST	90		get specific video game	1577967436215	1577967436218	OK	 
REQUEST	40		get all video games	1577967436215	1577967436218	OK	 
USER	Basic Load Simulation 	40	END	1577967426184	1577967436219
REQUEST	91		get specific video game	1577967436314	1577967436318	OK	 
REQUEST	41		get all video games	1577967436314	1577967436318	OK	 
USER	Basic Load Simulation 	41	END	1577967426286	1577967436319
REQUEST	92		get specific video game	1577967436404	1577967436408	OK	 
REQUEST	42		get all video games	1577967436427	1577967436430	OK	 
USER	Basic Load Simulation 	42	END	1577967426396	1577967436430
REQUEST	93		get specific video game	1577967436506	1577967436509	OK	 
REQUEST	43		get all video games	1577967436524	1577967436529	OK	 
USER	Basic Load Simulation 	43	END	1577967426495	1577967436530
REQUEST	94		get specific video game	1577967436604	1577967436613	OK	 
REQUEST	44		get all video games	1577967436625	1577967436630	OK	 
USER	Basic Load Simulation 	44	END	1577967426593	1577967436630
REQUEST	95		get specific video game	1577967436704	1577967436710	OK	 
REQUEST	45		get all video games	1577967436726	1577967436729	OK	 
USER	Basic Load Simulation 	45	END	1577967426694	1577967436729
REQUEST	96		get specific video game	1577967436805	1577967436808	OK	 
REQUEST	46		get all video games	1577967436824	1577967436828	OK	 
USER	Basic Load Simulation 	46	END	1577967426795	1577967436829
REQUEST	97		get specific video game	1577967436906	1577967436909	OK	 
REQUEST	47		get all video games	1577967436924	1577967436926	OK	 
USER	Basic Load Simulation 	47	END	1577967426895	1577967436927
REQUEST	98		get specific video game	1577967437006	1577967437010	OK	 
REQUEST	48		get all video games	1577967437026	1577967437030	OK	 
USER	Basic Load Simulation 	48	END	1577967426995	1577967437030
REQUEST	99		get specific video game	1577967437105	1577967437108	OK	 
REQUEST	49		get all video games	1577967437125	1577967437126	OK	 
USER	Basic Load Simulation 	49	END	1577967427095	1577967437127
REQUEST	100		get specific video game	1577967437207	1577967437210	OK	 
REQUEST	50		get all video games	1577967437226	1577967437229	OK	 
USER	Basic Load Simulation 	50	END	1577967427195	1577967437229
REQUEST	51		get all video games	1577967437326	1577967437329	OK	 
USER	Basic Load Simulation 	51	END	1577967427296	1577967437330
REQUEST	52		get all video games	1577967437416	1577967437419	OK	 
USER	Basic Load Simulation 	52	END	1577967427385	1577967437420
REQUEST	53		get all video games	1577967437515	1577967437519	OK	 
USER	Basic Load Simulation 	53	END	1577967427484	1577967437519
REQUEST	54		get all video games	1577967437616	1577967437619	OK	 
USER	Basic Load Simulation 	54	END	1577967427585	1577967437619
REQUEST	55		get all video games	1577967437715	1577967437720	OK	 
USER	Basic Load Simulation 	55	END	1577967427685	1577967437720
REQUEST	56		get all video games	1577967437816	1577967437820	OK	 
USER	Basic Load Simulation 	56	END	1577967427784	1577967437822
REQUEST	57		get all video games	1577967437915	1577967437919	OK	 
USER	Basic Load Simulation 	57	END	1577967427885	1577967437919
REQUEST	58		get all video games	1577967438027	1577967438032	OK	 
USER	Basic Load Simulation 	58	END	1577967427985	1577967438033
REQUEST	59		get all video games	1577967438115	1577967438118	OK	 
USER	Basic Load Simulation 	59	END	1577967428086	1577967438119
REQUEST	60		get all video games	1577967438214	1577967438217	OK	 
USER	Basic Load Simulation 	60	END	1577967428186	1577967438218
REQUEST	61		get all video games	1577967438314	1577967438317	OK	 
USER	Basic Load Simulation 	61	END	1577967428284	1577967438317
REQUEST	62		get all video games	1577967438415	1577967438418	OK	 
USER	Basic Load Simulation 	62	END	1577967428386	1577967438419
REQUEST	63		get all video games	1577967438516	1577967438519	OK	 
USER	Basic Load Simulation 	63	END	1577967428485	1577967438520
REQUEST	64		get all video games	1577967438615	1577967438619	OK	 
USER	Basic Load Simulation 	64	END	1577967428585	1577967438619
REQUEST	65		get all video games	1577967438714	1577967438717	OK	 
USER	Basic Load Simulation 	65	END	1577967428685	1577967438717
REQUEST	66		get all video games	1577967438815	1577967438818	OK	 
USER	Basic Load Simulation 	66	END	1577967428783	1577967438818
REQUEST	67		get all video games	1577967438916	1577967438919	OK	 
USER	Basic Load Simulation 	67	END	1577967428885	1577967438920
REQUEST	68		get all video games	1577967439016	1577967439018	OK	 
USER	Basic Load Simulation 	68	END	1577967428984	1577967439019
REQUEST	69		get all video games	1577967439116	1577967439120	OK	 
USER	Basic Load Simulation 	69	END	1577967429085	1577967439121
REQUEST	70		get all video games	1577967439217	1577967439220	OK	 
USER	Basic Load Simulation 	70	END	1577967429185	1577967439220
REQUEST	71		get all video games	1577967439314	1577967439317	OK	 
USER	Basic Load Simulation 	71	END	1577967429286	1577967439318
REQUEST	72		get all video games	1577967439414	1577967439417	OK	 
USER	Basic Load Simulation 	72	END	1577967429385	1577967439417
REQUEST	73		get all video games	1577967439516	1577967439519	OK	 
USER	Basic Load Simulation 	73	END	1577967429485	1577967439520
REQUEST	74		get all video games	1577967439614	1577967439617	OK	 
USER	Basic Load Simulation 	74	END	1577967429585	1577967439617
REQUEST	75		get all video games	1577967439715	1577967439717	OK	 
USER	Basic Load Simulation 	75	END	1577967429685	1577967439718
REQUEST	76		get all video games	1577967439815	1577967439818	OK	 
USER	Basic Load Simulation 	76	END	1577967429783	1577967439818
REQUEST	77		get all video games	1577967439916	1577967439919	OK	 
USER	Basic Load Simulation 	77	END	1577967429884	1577967439920
REQUEST	78		get all video games	1577967440024	1577967440031	OK	 
USER	Basic Load Simulation 	78	END	1577967429985	1577967440032
REQUEST	79		get all video games	1577967440115	1577967440119	OK	 
USER	Basic Load Simulation 	79	END	1577967430084	1577967440120
REQUEST	80		get all video games	1577967440215	1577967440218	OK	 
USER	Basic Load Simulation 	80	END	1577967430185	1577967440218
REQUEST	81		get all video games	1577967440316	1577967440319	OK	 
USER	Basic Load Simulation 	81	END	1577967430285	1577967440319
REQUEST	82		get all video games	1577967440425	1577967440428	OK	 
USER	Basic Load Simulation 	82	END	1577967430396	1577967440428
REQUEST	83		get all video games	1577967440525	1577967440531	OK	 
USER	Basic Load Simulation 	83	END	1577967430496	1577967440532
REQUEST	84		get all video games	1577967440626	1577967440631	OK	 
USER	Basic Load Simulation 	84	END	1577967430595	1577967440631
REQUEST	85		get all video games	1577967440725	1577967440729	OK	 
USER	Basic Load Simulation 	85	END	1577967430694	1577967440730
REQUEST	86		get all video games	1577967440824	1577967440827	OK	 
USER	Basic Load Simulation 	86	END	1577967430793	1577967440827
REQUEST	87		get all video games	1577967440926	1577967440929	OK	 
USER	Basic Load Simulation 	87	END	1577967430895	1577967440930
REQUEST	88		get all video games	1577967441024	1577967441029	OK	 
USER	Basic Load Simulation 	88	END	1577967430996	1577967441030
REQUEST	89		get all video games	1577967441126	1577967441132	OK	 
USER	Basic Load Simulation 	89	END	1577967431094	1577967441133
REQUEST	90		get all video games	1577967441224	1577967441227	OK	 
USER	Basic Load Simulation 	90	END	1577967431193	1577967441227
REQUEST	91		get all video games	1577967441325	1577967441328	OK	 
USER	Basic Load Simulation 	91	END	1577967431295	1577967441329
REQUEST	92		get all video games	1577967441415	1577967441418	OK	 
USER	Basic Load Simulation 	92	END	1577967431385	1577967441419
REQUEST	93		get all video games	1577967441515	1577967441518	OK	 
USER	Basic Load Simulation 	93	END	1577967431484	1577967441519
REQUEST	94		get all video games	1577967441614	1577967441619	OK	 
USER	Basic Load Simulation 	94	END	1577967431585	1577967441620
REQUEST	95		get all video games	1577967441715	1577967441718	OK	 
USER	Basic Load Simulation 	95	END	1577967431684	1577967441719
REQUEST	96		get all video games	1577967441816	1577967441819	OK	 
USER	Basic Load Simulation 	96	END	1577967431785	1577967441820
REQUEST	97		get all video games	1577967441915	1577967441918	OK	 
USER	Basic Load Simulation 	97	END	1577967431884	1577967441918
REQUEST	98		get all video games	1577967442014	1577967442017	OK	 
USER	Basic Load Simulation 	98	END	1577967431986	1577967442017
REQUEST	99		get all video games	1577967442116	1577967442121	OK	 
USER	Basic Load Simulation 	99	END	1577967432085	1577967442122
REQUEST	100		get all video games	1577967442217	1577967442219	OK	 
USER	Basic Load Simulation 	100	END	1577967432186	1577967442220
