RUN	simulations.RampUsersLoadSimulation	rampusersloadsimulation	1577967741846	 	3.0.2
USER	Basic Load Simulation 	1	START	1577967747704	1577967747704
REQUEST	1		get all video games	1577967747731	1577967747739	OK	 
USER	Basic Load Simulation 	2	START	1577967748703	1577967748703
REQUEST	2		get all video games	1577967748704	1577967748710	OK	 
USER	Basic Load Simulation 	3	START	1577967749705	1577967749705
REQUEST	3		get all video games	1577967749706	1577967749711	OK	 
USER	Basic Load Simulation 	4	START	1577967750704	1577967750704
REQUEST	4		get all video games	1577967750705	1577967750711	OK	 
USER	Basic Load Simulation 	5	START	1577967751203	1577967751203
REQUEST	5		get all video games	1577967751204	1577967751209	OK	 
USER	Basic Load Simulation 	6	START	1577967751705	1577967751705
REQUEST	6		get all video games	1577967751706	1577967751712	OK	 
USER	Basic Load Simulation 	7	START	1577967752203	1577967752203
REQUEST	7		get all video games	1577967752204	1577967752211	OK	 
USER	Basic Load Simulation 	8	START	1577967752702	1577967752702
REQUEST	8		get all video games	1577967752703	1577967752708	OK	 
REQUEST	1		get specific video game	1577967752765	1577967752769	OK	 
USER	Basic Load Simulation 	9	START	1577967753203	1577967753203
REQUEST	9		get all video games	1577967753204	1577967753211	OK	 
USER	Basic Load Simulation 	10	START	1577967753704	1577967753704
REQUEST	10		get all video games	1577967753705	1577967753710	OK	 
REQUEST	2		get specific video game	1577967753725	1577967753727	OK	 
USER	Basic Load Simulation 	11	START	1577967754204	1577967754204
REQUEST	11		get all video games	1577967754205	1577967754211	OK	 
USER	Basic Load Simulation 	12	START	1577967754702	1577967754702
REQUEST	12		get all video games	1577967754703	1577967754709	OK	 
REQUEST	3		get specific video game	1577967754724	1577967754727	OK	 
USER	Basic Load Simulation 	13	START	1577967755044	1577967755044
REQUEST	13		get all video games	1577967755045	1577967755052	OK	 
USER	Basic Load Simulation 	14	START	1577967755372	1577967755372
REQUEST	14		get all video games	1577967755373	1577967755378	OK	 
USER	Basic Load Simulation 	15	START	1577967755704	1577967755704
REQUEST	15		get all video games	1577967755705	1577967755710	OK	 
REQUEST	4		get specific video game	1577967755724	1577967755726	OK	 
USER	Basic Load Simulation 	16	START	1577967756043	1577967756043
REQUEST	16		get all video games	1577967756044	1577967756048	OK	 
REQUEST	5		get specific video game	1577967756224	1577967756227	OK	 
USER	Basic Load Simulation 	17	START	1577967756375	1577967756375
REQUEST	17		get all video games	1577967756376	1577967756380	OK	 
USER	Basic Load Simulation 	18	START	1577967756705	1577967756705
REQUEST	18		get all video games	1577967756706	1577967756710	OK	 
REQUEST	6		get specific video game	1577967756725	1577967756727	OK	 
USER	Basic Load Simulation 	19	START	1577967757044	1577967757044
REQUEST	19		get all video games	1577967757045	1577967757049	OK	 
REQUEST	7		get specific video game	1577967757225	1577967757228	OK	 
USER	Basic Load Simulation 	20	START	1577967757375	1577967757375
REQUEST	20		get all video games	1577967757376	1577967757380	OK	 
USER	Basic Load Simulation 	21	START	1577967757703	1577967757703
REQUEST	21		get all video games	1577967757704	1577967757708	OK	 
REQUEST	8		get specific video game	1577967757725	1577967757728	OK	 
REQUEST	1		get all video games	1577967757764	1577967757766	OK	 
USER	Basic Load Simulation 	1	END	1577967747704	1577967757769
USER	Basic Load Simulation 	22	START	1577967758044	1577967758044
REQUEST	22		get all video games	1577967758045	1577967758048	OK	 
REQUEST	9		get specific video game	1577967758225	1577967758228	OK	 
USER	Basic Load Simulation 	23	START	1577967758374	1577967758374
REQUEST	23		get all video games	1577967758374	1577967758377	OK	 
USER	Basic Load Simulation 	24	START	1577967758704	1577967758704
REQUEST	24		get all video games	1577967758705	1577967758708	OK	 
REQUEST	10		get specific video game	1577967758723	1577967758726	OK	 
REQUEST	2		get all video games	1577967758733	1577967758735	OK	 
USER	Basic Load Simulation 	2	END	1577967748703	1577967758736
USER	Basic Load Simulation 	25	START	1577967759044	1577967759044
REQUEST	25		get all video games	1577967759045	1577967759047	OK	 
REQUEST	11		get specific video game	1577967759226	1577967759228	OK	 
USER	Basic Load Simulation 	26	START	1577967759375	1577967759375
REQUEST	26		get all video games	1577967759376	1577967759379	OK	 
USER	Basic Load Simulation 	27	START	1577967759703	1577967759703
REQUEST	27		get all video games	1577967759703	1577967759707	OK	 
REQUEST	12		get specific video game	1577967759725	1577967759727	OK	 
REQUEST	3		get all video games	1577967759733	1577967759735	OK	 
USER	Basic Load Simulation 	3	END	1577967749705	1577967759735
USER	Basic Load Simulation 	28	START	1577967760044	1577967760044
REQUEST	28		get all video games	1577967760044	1577967760047	OK	 
REQUEST	13		get specific video game	1577967760063	1577967760065	OK	 
USER	Basic Load Simulation 	29	START	1577967760374	1577967760374
REQUEST	29		get all video games	1577967760374	1577967760377	OK	 
REQUEST	14		get specific video game	1577967760394	1577967760396	OK	 
USER	Basic Load Simulation 	30	START	1577967760704	1577967760704
REQUEST	30		get all video games	1577967760705	1577967760708	OK	 
REQUEST	15		get specific video game	1577967760724	1577967760726	OK	 
REQUEST	4		get all video games	1577967760733	1577967760734	OK	 
USER	Basic Load Simulation 	4	END	1577967750704	1577967760735
USER	Basic Load Simulation 	31	START	1577967760955	1577967760955
REQUEST	31		get all video games	1577967760955	1577967760959	OK	 
REQUEST	16		get specific video game	1577967761064	1577967761066	OK	 
USER	Basic Load Simulation 	32	START	1577967761203	1577967761203
REQUEST	32		get all video games	1577967761204	1577967761207	OK	 
REQUEST	5		get all video games	1577967761235	1577967761237	OK	 
USER	Basic Load Simulation 	5	END	1577967751203	1577967761237
REQUEST	17		get specific video game	1577967761393	1577967761395	OK	 
USER	Basic Load Simulation 	33	START	1577967761453	1577967761453
REQUEST	33		get all video games	1577967761453	1577967761456	OK	 
USER	Basic Load Simulation 	34	START	1577967761705	1577967761705
REQUEST	34		get all video games	1577967761706	1577967761708	OK	 
REQUEST	18		get specific video game	1577967761725	1577967761728	OK	 
REQUEST	6		get all video games	1577967761733	1577967761735	OK	 
USER	Basic Load Simulation 	6	END	1577967751705	1577967761735
USER	Basic Load Simulation 	35	START	1577967761953	1577967761953
REQUEST	35		get all video games	1577967761953	1577967761956	OK	 
REQUEST	19		get specific video game	1577967762066	1577967762068	OK	 
USER	Basic Load Simulation 	36	START	1577967762204	1577967762204
REQUEST	36		get all video games	1577967762205	1577967762208	OK	 
REQUEST	7		get all video games	1577967762234	1577967762237	OK	 
USER	Basic Load Simulation 	7	END	1577967752203	1577967762237
REQUEST	20		get specific video game	1577967762393	1577967762396	OK	 
USER	Basic Load Simulation 	37	START	1577967762454	1577967762454
REQUEST	37		get all video games	1577967762455	1577967762458	OK	 
USER	Basic Load Simulation 	38	START	1577967762704	1577967762704
REQUEST	38		get all video games	1577967762705	1577967762708	OK	 
REQUEST	21		get specific video game	1577967762725	1577967762729	OK	 
REQUEST	8		get all video games	1577967762734	1577967762735	OK	 
USER	Basic Load Simulation 	8	END	1577967752702	1577967762736
USER	Basic Load Simulation 	39	START	1577967762953	1577967762953
REQUEST	39		get all video games	1577967762954	1577967762957	OK	 
REQUEST	22		get specific video game	1577967763064	1577967763066	OK	 
USER	Basic Load Simulation 	40	START	1577967763204	1577967763204
REQUEST	40		get all video games	1577967763205	1577967763208	OK	 
REQUEST	9		get all video games	1577967763234	1577967763236	OK	 
USER	Basic Load Simulation 	9	END	1577967753203	1577967763237
REQUEST	23		get specific video game	1577967763395	1577967763397	OK	 
USER	Basic Load Simulation 	41	START	1577967763454	1577967763454
REQUEST	41		get all video games	1577967763455	1577967763458	OK	 
USER	Basic Load Simulation 	42	START	1577967763704	1577967763704
REQUEST	42		get all video games	1577967763704	1577967763707	OK	 
REQUEST	24		get specific video game	1577967763724	1577967763726	OK	 
REQUEST	10		get all video games	1577967763733	1577967763735	OK	 
USER	Basic Load Simulation 	10	END	1577967753704	1577967763735
USER	Basic Load Simulation 	43	START	1577967763952	1577967763952
REQUEST	43		get all video games	1577967763953	1577967763955	OK	 
REQUEST	25		get specific video game	1577967764065	1577967764068	OK	 
USER	Basic Load Simulation 	44	START	1577967764204	1577967764204
REQUEST	44		get all video games	1577967764205	1577967764208	OK	 
REQUEST	11		get all video games	1577967764234	1577967764237	OK	 
USER	Basic Load Simulation 	11	END	1577967754204	1577967764237
REQUEST	26		get specific video game	1577967764393	1577967764396	OK	 
USER	Basic Load Simulation 	45	START	1577967764454	1577967764454
REQUEST	45		get all video games	1577967764455	1577967764459	OK	 
USER	Basic Load Simulation 	46	START	1577967764704	1577967764704
REQUEST	46		get all video games	1577967764705	1577967764709	OK	 
REQUEST	27		get specific video game	1577967764725	1577967764728	OK	 
REQUEST	12		get all video games	1577967764734	1577967764736	OK	 
USER	Basic Load Simulation 	12	END	1577967754702	1577967764736
USER	Basic Load Simulation 	47	START	1577967764904	1577967764904
REQUEST	47		get all video games	1577967764905	1577967764908	OK	 
REQUEST	28		get specific video game	1577967765064	1577967765067	OK	 
REQUEST	13		get all video games	1577967765073	1577967765075	OK	 
USER	Basic Load Simulation 	13	END	1577967755044	1577967765075
USER	Basic Load Simulation 	48	START	1577967765102	1577967765102
REQUEST	48		get all video games	1577967765103	1577967765106	OK	 
USER	Basic Load Simulation 	49	START	1577967765303	1577967765303
REQUEST	49		get all video games	1577967765304	1577967765307	OK	 
REQUEST	29		get specific video game	1577967765393	1577967765396	OK	 
REQUEST	14		get all video games	1577967765403	1577967765405	OK	 
USER	Basic Load Simulation 	14	END	1577967755372	1577967765405
USER	Basic Load Simulation 	50	START	1577967765502	1577967765502
REQUEST	50		get all video games	1577967765503	1577967765505	OK	 
USER	Basic Load Simulation 	51	START	1577967765703	1577967765703
REQUEST	51		get all video games	1577967765704	1577967765707	OK	 
REQUEST	30		get specific video game	1577967765725	1577967765729	OK	 
REQUEST	15		get all video games	1577967765733	1577967765735	OK	 
USER	Basic Load Simulation 	15	END	1577967755704	1577967765736
USER	Basic Load Simulation 	52	START	1577967765903	1577967765903
REQUEST	52		get all video games	1577967765903	1577967765906	OK	 
REQUEST	31		get specific video game	1577967765973	1577967765975	OK	 
REQUEST	16		get all video games	1577967766073	1577967766075	OK	 
USER	Basic Load Simulation 	16	END	1577967756043	1577967766075
USER	Basic Load Simulation 	53	START	1577967766104	1577967766104
REQUEST	53		get all video games	1577967766104	1577967766107	OK	 
REQUEST	32		get specific video game	1577967766223	1577967766225	OK	 
USER	Basic Load Simulation 	54	START	1577967766303	1577967766303
REQUEST	54		get all video games	1577967766304	1577967766306	OK	 
REQUEST	17		get all video games	1577967766405	1577967766407	OK	 
USER	Basic Load Simulation 	17	END	1577967756375	1577967766408
REQUEST	33		get specific video game	1577967766474	1577967766477	OK	 
USER	Basic Load Simulation 	55	START	1577967766504	1577967766504
REQUEST	55		get all video games	1577967766504	1577967766507	OK	 
USER	Basic Load Simulation 	56	START	1577967766703	1577967766703
REQUEST	56		get all video games	1577967766704	1577967766706	OK	 
REQUEST	34		get specific video game	1577967766724	1577967766726	OK	 
REQUEST	18		get all video games	1577967766734	1577967766736	OK	 
USER	Basic Load Simulation 	18	END	1577967756705	1577967766736
USER	Basic Load Simulation 	57	START	1577967766904	1577967766904
REQUEST	57		get all video games	1577967766905	1577967766907	OK	 
REQUEST	35		get specific video game	1577967766975	1577967766977	OK	 
REQUEST	19		get all video games	1577967767075	1577967767077	OK	 
USER	Basic Load Simulation 	19	END	1577967757044	1577967767077
USER	Basic Load Simulation 	58	START	1577967767103	1577967767103
REQUEST	58		get all video games	1577967767103	1577967767106	OK	 
REQUEST	36		get specific video game	1577967767226	1577967767228	OK	 
USER	Basic Load Simulation 	59	START	1577967767303	1577967767303
REQUEST	59		get all video games	1577967767303	1577967767306	OK	 
REQUEST	20		get all video games	1577967767404	1577967767407	OK	 
USER	Basic Load Simulation 	20	END	1577967757375	1577967767407
REQUEST	37		get specific video game	1577967767475	1577967767477	OK	 
USER	Basic Load Simulation 	60	START	1577967767503	1577967767503
REQUEST	60		get all video games	1577967767504	1577967767507	OK	 
REQUEST	38		get specific video game	1577967767725	1577967767728	OK	 
REQUEST	21		get all video games	1577967767734	1577967767737	OK	 
USER	Basic Load Simulation 	21	END	1577967757703	1577967767737
REQUEST	39		get specific video game	1577967767975	1577967767977	OK	 
REQUEST	22		get all video games	1577967768073	1577967768075	OK	 
USER	Basic Load Simulation 	22	END	1577967758044	1577967768075
REQUEST	40		get specific video game	1577967768223	1577967768227	OK	 
REQUEST	23		get all video games	1577967768405	1577967768407	OK	 
USER	Basic Load Simulation 	23	END	1577967758374	1577967768407
REQUEST	41		get specific video game	1577967768475	1577967768477	OK	 
REQUEST	42		get specific video game	1577967768724	1577967768726	OK	 
REQUEST	24		get all video games	1577967768735	1577967768737	OK	 
USER	Basic Load Simulation 	24	END	1577967758704	1577967768738
REQUEST	43		get specific video game	1577967768974	1577967768976	OK	 
REQUEST	25		get all video games	1577967769075	1577967769078	OK	 
USER	Basic Load Simulation 	25	END	1577967759044	1577967769079
REQUEST	44		get specific video game	1577967769225	1577967769228	OK	 
REQUEST	26		get all video games	1577967769404	1577967769406	OK	 
USER	Basic Load Simulation 	26	END	1577967759375	1577967769407
REQUEST	45		get specific video game	1577967769474	1577967769476	OK	 
REQUEST	46		get specific video game	1577967769725	1577967769727	OK	 
REQUEST	27		get all video games	1577967769735	1577967769736	OK	 
USER	Basic Load Simulation 	27	END	1577967759703	1577967769737
REQUEST	47		get specific video game	1577967769923	1577967769926	OK	 
REQUEST	28		get all video games	1577967770074	1577967770076	OK	 
USER	Basic Load Simulation 	28	END	1577967760044	1577967770076
REQUEST	48		get specific video game	1577967770124	1577967770126	OK	 
REQUEST	49		get specific video game	1577967770325	1577967770327	OK	 
REQUEST	29		get all video games	1577967770405	1577967770407	OK	 
USER	Basic Load Simulation 	29	END	1577967760374	1577967770407
REQUEST	50		get specific video game	1577967770525	1577967770527	OK	 
REQUEST	51		get specific video game	1577967770724	1577967770726	OK	 
REQUEST	30		get all video games	1577967770732	1577967770734	OK	 
USER	Basic Load Simulation 	30	END	1577967760704	1577967770735
REQUEST	52		get specific video game	1577967770924	1577967770926	OK	 
REQUEST	31		get all video games	1577967770984	1577967770986	OK	 
USER	Basic Load Simulation 	31	END	1577967760955	1577967770987
REQUEST	53		get specific video game	1577967771126	1577967771128	OK	 
REQUEST	32		get all video games	1577967771235	1577967771238	OK	 
USER	Basic Load Simulation 	32	END	1577967761203	1577967771238
REQUEST	54		get specific video game	1577967771325	1577967771327	OK	 
REQUEST	33		get all video games	1577967771485	1577967771487	OK	 
USER	Basic Load Simulation 	33	END	1577967761453	1577967771488
REQUEST	55		get specific video game	1577967771524	1577967771526	OK	 
REQUEST	56		get specific video game	1577967771725	1577967771727	OK	 
REQUEST	34		get all video games	1577967771733	1577967771735	OK	 
USER	Basic Load Simulation 	34	END	1577967761705	1577967771736
REQUEST	57		get specific video game	1577967771925	1577967771927	OK	 
REQUEST	35		get all video games	1577967771984	1577967771986	OK	 
USER	Basic Load Simulation 	35	END	1577967761953	1577967771987
REQUEST	58		get specific video game	1577967772124	1577967772127	OK	 
REQUEST	36		get all video games	1577967772233	1577967772235	OK	 
USER	Basic Load Simulation 	36	END	1577967762204	1577967772236
REQUEST	59		get specific video game	1577967772325	1577967772327	OK	 
REQUEST	37		get all video games	1577967772485	1577967772487	OK	 
USER	Basic Load Simulation 	37	END	1577967762454	1577967772487
REQUEST	60		get specific video game	1577967772523	1577967772525	OK	 
REQUEST	38		get all video games	1577967772735	1577967772737	OK	 
USER	Basic Load Simulation 	38	END	1577967762704	1577967772737
REQUEST	39		get all video games	1577967772985	1577967772987	OK	 
USER	Basic Load Simulation 	39	END	1577967762953	1577967772987
REQUEST	40		get all video games	1577967773235	1577967773239	OK	 
USER	Basic Load Simulation 	40	END	1577967763204	1577967773240
REQUEST	41		get all video games	1577967773484	1577967773486	OK	 
USER	Basic Load Simulation 	41	END	1577967763454	1577967773487
REQUEST	42		get all video games	1577967773734	1577967773736	OK	 
USER	Basic Load Simulation 	42	END	1577967763704	1577967773736
REQUEST	43		get all video games	1577967773983	1577967773984	OK	 
USER	Basic Load Simulation 	43	END	1577967763952	1577967773985
REQUEST	44		get all video games	1577967774233	1577967774235	OK	 
USER	Basic Load Simulation 	44	END	1577967764204	1577967774236
REQUEST	45		get all video games	1577967774485	1577967774486	OK	 
USER	Basic Load Simulation 	45	END	1577967764454	1577967774487
REQUEST	46		get all video games	1577967774735	1577967774738	OK	 
USER	Basic Load Simulation 	46	END	1577967764704	1577967774738
REQUEST	47		get all video games	1577967774935	1577967774937	OK	 
USER	Basic Load Simulation 	47	END	1577967764904	1577967774937
REQUEST	48		get all video games	1577967775134	1577967775136	OK	 
USER	Basic Load Simulation 	48	END	1577967765102	1577967775137
REQUEST	49		get all video games	1577967775334	1577967775337	OK	 
USER	Basic Load Simulation 	49	END	1577967765303	1577967775337
REQUEST	50		get all video games	1577967775524	1577967775526	OK	 
USER	Basic Load Simulation 	50	END	1577967765502	1577967775527
REQUEST	51		get all video games	1577967775735	1577967775737	OK	 
USER	Basic Load Simulation 	51	END	1577967765703	1577967775738
REQUEST	52		get all video games	1577967775934	1577967775936	OK	 
USER	Basic Load Simulation 	52	END	1577967765903	1577967775937
REQUEST	53		get all video games	1577967776135	1577967776137	OK	 
USER	Basic Load Simulation 	53	END	1577967766104	1577967776137
REQUEST	54		get all video games	1577967776334	1577967776336	OK	 
USER	Basic Load Simulation 	54	END	1577967766303	1577967776337
REQUEST	55		get all video games	1577967776532	1577967776534	OK	 
USER	Basic Load Simulation 	55	END	1577967766504	1577967776535
REQUEST	56		get all video games	1577967776734	1577967776736	OK	 
USER	Basic Load Simulation 	56	END	1577967766703	1577967776736
REQUEST	57		get all video games	1577967776935	1577967776937	OK	 
USER	Basic Load Simulation 	57	END	1577967766904	1577967776937
REQUEST	58		get all video games	1577967777133	1577967777137	OK	 
USER	Basic Load Simulation 	58	END	1577967767103	1577967777138
REQUEST	59		get all video games	1577967777324	1577967777327	OK	 
USER	Basic Load Simulation 	59	END	1577967767303	1577967777328
REQUEST	60		get all video games	1577967777534	1577967777539	OK	 
USER	Basic Load Simulation 	60	END	1577967767503	1577967777540
